::1 - - [01/Nov/2019:11:35:42 +0000] "GET /api/v1/boards/get-board?board_id=1 HTTP/1.1" 200 1939 "http://localhost:4200/boards/1" "Mozilla/5.0 (Macintosh; Intel Mac OS X 10_13_6) AppleWebKit/537.36 (KHTML, like Gecko) Chrome/78.0.3904.70 Safari/537.36"
::1 - - [01/Nov/2019:11:35:45 +0000] "GET /api/v1/boards/get-boards?author_id=1 HTTP/1.1" 200 88 "http://localhost:4200/boards" "Mozilla/5.0 (Macintosh; Intel Mac OS X 10_13_6) AppleWebKit/537.36 (KHTML, like Gecko) Chrome/78.0.3904.70 Safari/537.36"
::1 - - [01/Nov/2019:11:35:50 +0000] "GET /api/v1/boards/get-board?board_id=2 HTTP/1.1" 404 9 "http://localhost:4200/boards/2" "Mozilla/5.0 (Macintosh; Intel Mac OS X 10_13_6) AppleWebKit/537.36 (KHTML, like Gecko) Chrome/78.0.3904.70 Safari/537.36"
::1 - - [01/Nov/2019:11:35:53 +0000] "GET /api/v1/boards/get-boards?author_id=1 HTTP/1.1" 304 - "http://localhost:4200/boards" "Mozilla/5.0 (Macintosh; Intel Mac OS X 10_13_6) AppleWebKit/537.36 (KHTML, like Gecko) Chrome/78.0.3904.70 Safari/537.36"
::1 - - [01/Nov/2019:11:36:16 +0000] "GET /api/v1/boards/get-board?board_id=1 HTTP/1.1" 304 - "http://localhost:4200/boards/1" "Mozilla/5.0 (Macintosh; Intel Mac OS X 10_13_6) AppleWebKit/537.36 (KHTML, like Gecko) Chrome/78.0.3904.70 Safari/537.36"
::1 - - [01/Nov/2019:11:42:16 +0000] "GET /api/v1/boards/get-board?board_id=1 HTTP/1.1" 200 1939 "http://localhost:4200/boards/1" "Mozilla/5.0 (Macintosh; Intel Mac OS X 10_13_6) AppleWebKit/537.36 (KHTML, like Gecko) Chrome/78.0.3904.70 Safari/537.36"
::1 - - [01/Nov/2019:11:42:56 +0000] "GET /api/v1/boards/get-board?board_id=1 HTTP/1.1" 200 1939 "http://localhost:4200/boards/1" "Mozilla/5.0 (Macintosh; Intel Mac OS X 10_13_6) AppleWebKit/537.36 (KHTML, like Gecko) Chrome/78.0.3904.70 Safari/537.36"
::1 - - [01/Nov/2019:11:43:22 +0000] "GET /api/v1/boards/get-board?board_id=1 HTTP/1.1" 200 1939 "http://localhost:4200/boards/1" "Mozilla/5.0 (Macintosh; Intel Mac OS X 10_13_6) AppleWebKit/537.36 (KHTML, like Gecko) Chrome/78.0.3904.70 Safari/537.36"
::1 - - [01/Nov/2019:11:44:52 +0000] "GET /api/v1/boards/get-board?board_id=1 HTTP/1.1" 200 1939 "http://localhost:4200/boards/1" "Mozilla/5.0 (Macintosh; Intel Mac OS X 10_13_6) AppleWebKit/537.36 (KHTML, like Gecko) Chrome/78.0.3904.70 Safari/537.36"
::1 - - [01/Nov/2019:11:45:08 +0000] "GET /api/v1/boards/get-board?board_id=1 HTTP/1.1" 200 1939 "http://localhost:4200/boards/1" "Mozilla/5.0 (Macintosh; Intel Mac OS X 10_13_6) AppleWebKit/537.36 (KHTML, like Gecko) Chrome/78.0.3904.70 Safari/537.36"
::1 - - [01/Nov/2019:11:45:42 +0000] "GET /api/v1/boards/get-board?board_id=1 HTTP/1.1" 200 1939 "http://localhost:4200/boards/1" "Mozilla/5.0 (Macintosh; Intel Mac OS X 10_13_6) AppleWebKit/537.36 (KHTML, like Gecko) Chrome/78.0.3904.70 Safari/537.36"
::1 - - [01/Nov/2019:11:45:59 +0000] "GET /api/v1/boards/get-board?board_id=1 HTTP/1.1" 200 1939 "http://localhost:4200/boards/1" "Mozilla/5.0 (Macintosh; Intel Mac OS X 10_13_6) AppleWebKit/537.36 (KHTML, like Gecko) Chrome/78.0.3904.70 Safari/537.36"
::1 - - [01/Nov/2019:11:46:35 +0000] "GET /api/v1/boards/get-boards?author_id=1 HTTP/1.1" 200 88 "http://localhost:4200/boards" "Mozilla/5.0 (Macintosh; Intel Mac OS X 10_13_6) AppleWebKit/537.36 (KHTML, like Gecko) Chrome/78.0.3904.70 Safari/537.36"
::1 - - [01/Nov/2019:11:47:16 +0000] "GET /api/v1/boards/get-boards?author_id=1 HTTP/1.1" 200 88 "http://localhost:4200/boards" "Mozilla/5.0 (Macintosh; Intel Mac OS X 10_13_6) AppleWebKit/537.36 (KHTML, like Gecko) Chrome/78.0.3904.70 Safari/537.36"
::1 - - [01/Nov/2019:11:47:26 +0000] "GET /api/v1/boards/get-boards?author_id=1 HTTP/1.1" 200 88 "http://localhost:4200/boards" "Mozilla/5.0 (Macintosh; Intel Mac OS X 10_13_6) AppleWebKit/537.36 (KHTML, like Gecko) Chrome/78.0.3904.70 Safari/537.36"
::1 - - [01/Nov/2019:11:47:40 +0000] "GET /api/v1/boards/get-board?board_id=1 HTTP/1.1" 200 1939 "http://localhost:4200/boards/1" "Mozilla/5.0 (Macintosh; Intel Mac OS X 10_13_6) AppleWebKit/537.36 (KHTML, like Gecko) Chrome/78.0.3904.70 Safari/537.36"
::1 - - [01/Nov/2019:11:47:55 +0000] "GET /api/v1/boards/get-board?board_id=1 HTTP/1.1" 200 1939 "http://localhost:4200/boards/1" "Mozilla/5.0 (Macintosh; Intel Mac OS X 10_13_6) AppleWebKit/537.36 (KHTML, like Gecko) Chrome/78.0.3904.70 Safari/537.36"
::1 - - [01/Nov/2019:15:58:48 +0000] "POST /api/v1/auth/sign-in HTTP/1.1" 200 223 "http://localhost:4200/login" "Mozilla/5.0 (Macintosh; Intel Mac OS X 10_13_6) AppleWebKit/537.36 (KHTML, like Gecko) Chrome/78.0.3904.70 Safari/537.36"
::1 - - [01/Nov/2019:15:58:48 +0000] "GET /api/v1/boards/get-boards?author_id=1 HTTP/1.1" 200 88 "http://localhost:4200/boards" "Mozilla/5.0 (Macintosh; Intel Mac OS X 10_13_6) AppleWebKit/537.36 (KHTML, like Gecko) Chrome/78.0.3904.70 Safari/537.36"
::1 - - [01/Nov/2019:15:58:49 +0000] "GET /api/v1/boards/get-board?board_id=1 HTTP/1.1" 200 1939 "http://localhost:4200/boards/1" "Mozilla/5.0 (Macintosh; Intel Mac OS X 10_13_6) AppleWebKit/537.36 (KHTML, like Gecko) Chrome/78.0.3904.70 Safari/537.36"
::1 - - [01/Nov/2019:15:59:02 +0000] "GET /api/v1/boards/get-board?board_id=567 HTTP/1.1" 404 9 "http://localhost:4200/boards/567" "Mozilla/5.0 (Macintosh; Intel Mac OS X 10_13_6) AppleWebKit/537.36 (KHTML, like Gecko) Chrome/78.0.3904.70 Safari/537.36"
::1 - - [01/Nov/2019:17:10:05 +0000] "GET /api/v1/boards/get-board?board_id=567 HTTP/1.1" 404 9 "http://localhost:4200/boards/567" "Mozilla/5.0 (Macintosh; Intel Mac OS X 10_13_6) AppleWebKit/537.36 (KHTML, like Gecko) Chrome/78.0.3904.70 Safari/537.36"
::1 - - [01/Nov/2019:17:10:07 +0000] "GET /api/v1/boards/get-board?board_id=567 HTTP/1.1" 404 9 "http://localhost:4200/boards/567" "Mozilla/5.0 (Macintosh; Intel Mac OS X 10_13_6) AppleWebKit/537.36 (KHTML, like Gecko) Chrome/78.0.3904.70 Safari/537.36"
::1 - - [01/Nov/2019:17:10:08 +0000] "GET /api/v1/boards/get-board?board_id=567 HTTP/1.1" 404 9 "http://localhost:4200/boards/567" "Mozilla/5.0 (Macintosh; Intel Mac OS X 10_13_6) AppleWebKit/537.36 (KHTML, like Gecko) Chrome/78.0.3904.70 Safari/537.36"
::1 - - [01/Nov/2019:17:10:09 +0000] "GET /api/v1/boards/get-board?board_id=567 HTTP/1.1" 404 9 "http://localhost:4200/boards/567" "Mozilla/5.0 (Macintosh; Intel Mac OS X 10_13_6) AppleWebKit/537.36 (KHTML, like Gecko) Chrome/78.0.3904.70 Safari/537.36"
::1 - - [01/Nov/2019:17:15:31 +0000] "GET /api/v1/boards/get-board?board_id=567 HTTP/1.1" 404 9 "http://localhost:4200/boards/567" "Mozilla/5.0 (Macintosh; Intel Mac OS X 10_13_6) AppleWebKit/537.36 (KHTML, like Gecko) Chrome/78.0.3904.70 Safari/537.36"
::1 - - [01/Nov/2019:17:15:33 +0000] "GET /api/v1/boards/get-board?board_id=567 HTTP/1.1" 404 9 "http://localhost:4200/boards/567" "Mozilla/5.0 (Macintosh; Intel Mac OS X 10_13_6) AppleWebKit/537.36 (KHTML, like Gecko) Chrome/78.0.3904.70 Safari/537.36"
::1 - - [01/Nov/2019:17:15:34 +0000] "GET /api/v1/boards/get-board?board_id=567 HTTP/1.1" 404 9 "http://localhost:4200/boards/567" "Mozilla/5.0 (Macintosh; Intel Mac OS X 10_13_6) AppleWebKit/537.36 (KHTML, like Gecko) Chrome/78.0.3904.70 Safari/537.36"
::1 - - [01/Nov/2019:17:15:36 +0000] "GET /api/v1/boards/get-board?board_id=567 HTTP/1.1" 404 9 "http://localhost:4200/boards/567" "Mozilla/5.0 (Macintosh; Intel Mac OS X 10_13_6) AppleWebKit/537.36 (KHTML, like Gecko) Chrome/78.0.3904.70 Safari/537.36"
::1 - - [01/Nov/2019:17:16:13 +0000] "GET /api/v1/boards/get-board?board_id=567 HTTP/1.1" 404 9 "http://localhost:4200/boards/567" "Mozilla/5.0 (Macintosh; Intel Mac OS X 10_13_6) AppleWebKit/537.36 (KHTML, like Gecko) Chrome/78.0.3904.70 Safari/537.36"
::1 - - [01/Nov/2019:17:16:14 +0000] "GET /api/v1/boards/get-board?board_id=567 HTTP/1.1" 404 9 "http://localhost:4200/boards/567" "Mozilla/5.0 (Macintosh; Intel Mac OS X 10_13_6) AppleWebKit/537.36 (KHTML, like Gecko) Chrome/78.0.3904.70 Safari/537.36"
::1 - - [01/Nov/2019:17:16:15 +0000] "GET /api/v1/boards/get-board?board_id=567 HTTP/1.1" 404 9 "http://localhost:4200/boards/567" "Mozilla/5.0 (Macintosh; Intel Mac OS X 10_13_6) AppleWebKit/537.36 (KHTML, like Gecko) Chrome/78.0.3904.70 Safari/537.36"
::1 - - [01/Nov/2019:17:16:15 +0000] "GET /api/v1/boards/get-board?board_id=567 HTTP/1.1" 404 9 "http://localhost:4200/boards/567" "Mozilla/5.0 (Macintosh; Intel Mac OS X 10_13_6) AppleWebKit/537.36 (KHTML, like Gecko) Chrome/78.0.3904.70 Safari/537.36"
::1 - - [01/Nov/2019:17:16:16 +0000] "GET /api/v1/boards/get-board?board_id=567 HTTP/1.1" 404 9 "http://localhost:4200/boards/567" "Mozilla/5.0 (Macintosh; Intel Mac OS X 10_13_6) AppleWebKit/537.36 (KHTML, like Gecko) Chrome/78.0.3904.70 Safari/537.36"
::1 - - [01/Nov/2019:17:16:17 +0000] "GET /api/v1/boards/get-board?board_id=567 HTTP/1.1" 404 9 "http://localhost:4200/boards/567" "Mozilla/5.0 (Macintosh; Intel Mac OS X 10_13_6) AppleWebKit/537.36 (KHTML, like Gecko) Chrome/78.0.3904.70 Safari/537.36"
::1 - - [01/Nov/2019:17:16:18 +0000] "GET /api/v1/boards/get-board?board_id=567 HTTP/1.1" 404 9 "http://localhost:4200/boards/567" "Mozilla/5.0 (Macintosh; Intel Mac OS X 10_13_6) AppleWebKit/537.36 (KHTML, like Gecko) Chrome/78.0.3904.70 Safari/537.36"
::1 - - [01/Nov/2019:17:55:33 +0000] "GET /api/v1/boards/get-boards?author_id=1 HTTP/1.1" 200 88 "http://localhost:4200/boards" "Mozilla/5.0 (Macintosh; Intel Mac OS X 10_13_6) AppleWebKit/537.36 (KHTML, like Gecko) Chrome/78.0.3904.70 Safari/537.36"
::1 - - [01/Nov/2019:17:57:03 +0000] "GET /api/v1/boards/get-board?board_id=NaN HTTP/1.1" - - "http://localhost:4200/boards/qwqd" "Mozilla/5.0 (Macintosh; Intel Mac OS X 10_13_6) AppleWebKit/537.36 (KHTML, like Gecko) Chrome/78.0.3904.70 Safari/537.36"
::1 - - [01/Nov/2019:17:57:18 +0000] "GET /api/v1/boards/get-board?board_id=NaN HTTP/1.1" - - "http://localhost:4200/boards/qwqd" "Mozilla/5.0 (Macintosh; Intel Mac OS X 10_13_6) AppleWebKit/537.36 (KHTML, like Gecko) Chrome/78.0.3904.70 Safari/537.36"
::1 - - [01/Nov/2019:17:59:01 +0000] "GET /api/v1/boards/get-board?board_id=NaN HTTP/1.1" - - "http://localhost:4200/boards/qwqd" "Mozilla/5.0 (Macintosh; Intel Mac OS X 10_13_6) AppleWebKit/537.36 (KHTML, like Gecko) Chrome/78.0.3904.70 Safari/537.36"
::1 - - [01/Nov/2019:17:59:17 +0000] "GET /api/v1/boards/get-board?board_id=NaN HTTP/1.1" - - "http://localhost:4200/boards/qwqd" "Mozilla/5.0 (Macintosh; Intel Mac OS X 10_13_6) AppleWebKit/537.36 (KHTML, like Gecko) Chrome/78.0.3904.70 Safari/537.36"
::1 - - [01/Nov/2019:17:59:50 +0000] "GET /api/v1/boards/get-board?board_id=NaN HTTP/1.1" - - "http://localhost:4200/boards/qwqd" "Mozilla/5.0 (Macintosh; Intel Mac OS X 10_13_6) AppleWebKit/537.36 (KHTML, like Gecko) Chrome/78.0.3904.70 Safari/537.36"
::1 - - [01/Nov/2019:18:00:04 +0000] "GET /api/v1/boards/get-board?board_id=NaN HTTP/1.1" - - "http://localhost:4200/boards/qwqd" "Mozilla/5.0 (Macintosh; Intel Mac OS X 10_13_6) AppleWebKit/537.36 (KHTML, like Gecko) Chrome/78.0.3904.70 Safari/537.36"
::1 - - [01/Nov/2019:18:00:24 +0000] "GET /api/v1/boards/get-board?board_id=NaN HTTP/1.1" - - "http://localhost:4200/boards/qwqd" "Mozilla/5.0 (Macintosh; Intel Mac OS X 10_13_6) AppleWebKit/537.36 (KHTML, like Gecko) Chrome/78.0.3904.70 Safari/537.36"
::1 - - [01/Nov/2019:18:02:28 +0000] "GET /api/v1/boards/get-board?board_id=NaN HTTP/1.1" - - "http://localhost:4200/boards/qwqd" "Mozilla/5.0 (Macintosh; Intel Mac OS X 10_13_6) AppleWebKit/537.36 (KHTML, like Gecko) Chrome/78.0.3904.70 Safari/537.36"
::1 - - [01/Nov/2019:18:02:55 +0000] "GET /api/v1/boards/get-board?board_id=NaN HTTP/1.1" - - "http://localhost:4200/boards/qwqd" "Mozilla/5.0 (Macintosh; Intel Mac OS X 10_13_6) AppleWebKit/537.36 (KHTML, like Gecko) Chrome/78.0.3904.70 Safari/537.36"
::1 - - [01/Nov/2019:18:04:30 +0000] "GET /api/v1/boards/get-board?board_id=NaN HTTP/1.1" - - "http://localhost:4200/boards/qwqd" "Mozilla/5.0 (Macintosh; Intel Mac OS X 10_13_6) AppleWebKit/537.36 (KHTML, like Gecko) Chrome/78.0.3904.70 Safari/537.36"
::1 - - [01/Nov/2019:18:05:21 +0000] "GET /api/v1/boards/get-board?board_id=NaN HTTP/1.1" - - "http://localhost:4200/boards/qwqd" "Mozilla/5.0 (Macintosh; Intel Mac OS X 10_13_6) AppleWebKit/537.36 (KHTML, like Gecko) Chrome/78.0.3904.70 Safari/537.36"
::1 - - [01/Nov/2019:18:05:25 +0000] "GET /api/v1/boards/get-board?board_id=NaN HTTP/1.1" - - "http://localhost:4200/boards/qwqd" "Mozilla/5.0 (Macintosh; Intel Mac OS X 10_13_6) AppleWebKit/537.36 (KHTML, like Gecko) Chrome/78.0.3904.70 Safari/537.36"
::1 - - [01/Nov/2019:18:05:37 +0000] "GET /api/v1/boards/get-board?board_id=NaN HTTP/1.1" - - "http://localhost:4200/boards/qwqd" "Mozilla/5.0 (Macintosh; Intel Mac OS X 10_13_6) AppleWebKit/537.36 (KHTML, like Gecko) Chrome/78.0.3904.70 Safari/537.36"
::1 - - [01/Nov/2019:18:05:37 +0000] "GET /api/v1/boards/get-boards?author_id=1 HTTP/1.1" 200 88 "http://localhost:4200/boards" "Mozilla/5.0 (Macintosh; Intel Mac OS X 10_13_6) AppleWebKit/537.36 (KHTML, like Gecko) Chrome/78.0.3904.70 Safari/537.36"
::1 - - [01/Nov/2019:18:05:38 +0000] "GET /api/v1/boards/get-board?board_id=1 HTTP/1.1" 200 1939 "http://localhost:4200/boards/1" "Mozilla/5.0 (Macintosh; Intel Mac OS X 10_13_6) AppleWebKit/537.36 (KHTML, like Gecko) Chrome/78.0.3904.70 Safari/537.36"
::1 - - [01/Nov/2019:18:05:40 +0000] "GET /api/v1/boards/get-boards?author_id=1 HTTP/1.1" 200 88 "http://localhost:4200/boards" "Mozilla/5.0 (Macintosh; Intel Mac OS X 10_13_6) AppleWebKit/537.36 (KHTML, like Gecko) Chrome/78.0.3904.70 Safari/537.36"
::1 - - [01/Nov/2019:18:05:45 +0000] "GET /api/v1/boards/get-board?board_id=234234 HTTP/1.1" 404 9 "http://localhost:4200/boards/234234" "Mozilla/5.0 (Macintosh; Intel Mac OS X 10_13_6) AppleWebKit/537.36 (KHTML, like Gecko) Chrome/78.0.3904.70 Safari/537.36"
::1 - - [01/Nov/2019:18:24:55 +0000] "POST /api/v1/auth/sign-in HTTP/1.1" 200 223 "http://localhost:4200/login" "Mozilla/5.0 (Macintosh; Intel Mac OS X 10_13_6) AppleWebKit/537.36 (KHTML, like Gecko) Chrome/78.0.3904.70 Safari/537.36"
::1 - - [01/Nov/2019:18:24:55 +0000] "GET /api/v1/boards/get-boards?author_id=1 HTTP/1.1" 200 88 "http://localhost:4200/boards" "Mozilla/5.0 (Macintosh; Intel Mac OS X 10_13_6) AppleWebKit/537.36 (KHTML, like Gecko) Chrome/78.0.3904.70 Safari/537.36"
::1 - - [01/Nov/2019:18:25:02 +0000] "DELETE /api/v1/boards/remove-board?board_id=1 HTTP/1.1" 200 1 "http://localhost:4200/boards" "Mozilla/5.0 (Macintosh; Intel Mac OS X 10_13_6) AppleWebKit/537.36 (KHTML, like Gecko) Chrome/78.0.3904.70 Safari/537.36"
::1 - - [01/Nov/2019:18:25:19 +0000] "POST /api/v1/boards/create HTTP/1.1" 200 57 "http://localhost:4200/boards" "Mozilla/5.0 (Macintosh; Intel Mac OS X 10_13_6) AppleWebKit/537.36 (KHTML, like Gecko) Chrome/78.0.3904.70 Safari/537.36"
::1 - - [01/Nov/2019:18:25:19 +0000] "GET /api/v1/boards/get-board?board_id=2 HTTP/1.1" 200 68 "http://localhost:4200/boards/2" "Mozilla/5.0 (Macintosh; Intel Mac OS X 10_13_6) AppleWebKit/537.36 (KHTML, like Gecko) Chrome/78.0.3904.70 Safari/537.36"
::1 - - [01/Nov/2019:18:25:26 +0000] "POST /api/v1/cards/create HTTP/1.1" 200 84 "http://localhost:4200/boards/2" "Mozilla/5.0 (Macintosh; Intel Mac OS X 10_13_6) AppleWebKit/537.36 (KHTML, like Gecko) Chrome/78.0.3904.70 Safari/537.36"
::1 - - [01/Nov/2019:18:25:28 +0000] "POST /api/v1/cards/create HTTP/1.1" 200 85 "http://localhost:4200/boards/2" "Mozilla/5.0 (Macintosh; Intel Mac OS X 10_13_6) AppleWebKit/537.36 (KHTML, like Gecko) Chrome/78.0.3904.70 Safari/537.36"
::1 - - [01/Nov/2019:18:25:30 +0000] "PUT /api/v1/cards/update HTTP/1.1" 200 3 "http://localhost:4200/boards/2" "Mozilla/5.0 (Macintosh; Intel Mac OS X 10_13_6) AppleWebKit/537.36 (KHTML, like Gecko) Chrome/78.0.3904.70 Safari/537.36"
::1 - - [01/Nov/2019:18:25:31 +0000] "PUT /api/v1/cards/update HTTP/1.1" 200 3 "http://localhost:4200/boards/2" "Mozilla/5.0 (Macintosh; Intel Mac OS X 10_13_6) AppleWebKit/537.36 (KHTML, like Gecko) Chrome/78.0.3904.70 Safari/537.36"
::1 - - [01/Nov/2019:18:25:33 +0000] "PUT /api/v1/cards/update HTTP/1.1" 200 3 "http://localhost:4200/boards/2" "Mozilla/5.0 (Macintosh; Intel Mac OS X 10_13_6) AppleWebKit/537.36 (KHTML, like Gecko) Chrome/78.0.3904.70 Safari/537.36"
::1 - - [01/Nov/2019:18:25:35 +0000] "PUT /api/v1/cards/update HTTP/1.1" 200 3 "http://localhost:4200/boards/2" "Mozilla/5.0 (Macintosh; Intel Mac OS X 10_13_6) AppleWebKit/537.36 (KHTML, like Gecko) Chrome/78.0.3904.70 Safari/537.36"
::1 - - [01/Nov/2019:18:25:37 +0000] "PUT /api/v1/cards/update HTTP/1.1" 200 3 "http://localhost:4200/boards/2" "Mozilla/5.0 (Macintosh; Intel Mac OS X 10_13_6) AppleWebKit/537.36 (KHTML, like Gecko) Chrome/78.0.3904.70 Safari/537.36"
::1 - - [01/Nov/2019:18:25:38 +0000] "PUT /api/v1/cards/update HTTP/1.1" 200 3 "http://localhost:4200/boards/2" "Mozilla/5.0 (Macintosh; Intel Mac OS X 10_13_6) AppleWebKit/537.36 (KHTML, like Gecko) Chrome/78.0.3904.70 Safari/537.36"
::1 - - [01/Nov/2019:18:25:40 +0000] "PUT /api/v1/cards/update HTTP/1.1" 200 3 "http://localhost:4200/boards/2" "Mozilla/5.0 (Macintosh; Intel Mac OS X 10_13_6) AppleWebKit/537.36 (KHTML, like Gecko) Chrome/78.0.3904.70 Safari/537.36"
::1 - - [01/Nov/2019:18:25:44 +0000] "GET /api/v1/boards/get-board?board_id=2 HTTP/1.1" 200 242 "http://localhost:4200/boards/2" "Mozilla/5.0 (Macintosh; Intel Mac OS X 10_13_6) AppleWebKit/537.36 (KHTML, like Gecko) Chrome/78.0.3904.70 Safari/537.36"
::1 - - [01/Nov/2019:18:25:49 +0000] "PUT /api/v1/cards/update HTTP/1.1" 200 3 "http://localhost:4200/boards/2" "Mozilla/5.0 (Macintosh; Intel Mac OS X 10_13_6) AppleWebKit/537.36 (KHTML, like Gecko) Chrome/78.0.3904.70 Safari/537.36"
::1 - - [01/Nov/2019:18:26:17 +0000] "PUT /api/v1/cards/update HTTP/1.1" 200 3 "http://localhost:4200/boards/2" "Mozilla/5.0 (Macintosh; Intel Mac OS X 10_13_6) AppleWebKit/537.36 (KHTML, like Gecko) Chrome/78.0.3904.70 Safari/537.36"
::1 - - [01/Nov/2019:18:26:53 +0000] "PUT /api/v1/cards/update HTTP/1.1" 200 3 "http://localhost:4200/boards/2" "Mozilla/5.0 (Macintosh; Intel Mac OS X 10_13_6) AppleWebKit/537.36 (KHTML, like Gecko) Chrome/78.0.3904.70 Safari/537.36"
::1 - - [01/Nov/2019:18:28:21 +0000] "GET /api/v1/boards/get-board?board_id=2 HTTP/1.1" 200 241 "http://localhost:4200/boards/2" "Mozilla/5.0 (Macintosh; Intel Mac OS X 10_13_6) AppleWebKit/537.36 (KHTML, like Gecko) Chrome/78.0.3904.70 Safari/537.36"
::1 - - [01/Nov/2019:18:28:23 +0000] "PUT /api/v1/cards/update HTTP/1.1" 200 3 "http://localhost:4200/boards/2" "Mozilla/5.0 (Macintosh; Intel Mac OS X 10_13_6) AppleWebKit/537.36 (KHTML, like Gecko) Chrome/78.0.3904.70 Safari/537.36"
::1 - - [01/Nov/2019:18:28:25 +0000] "PUT /api/v1/cards/update HTTP/1.1" 200 3 "http://localhost:4200/boards/2" "Mozilla/5.0 (Macintosh; Intel Mac OS X 10_13_6) AppleWebKit/537.36 (KHTML, like Gecko) Chrome/78.0.3904.70 Safari/537.36"
::1 - - [01/Nov/2019:18:28:28 +0000] "PUT /api/v1/cards/update HTTP/1.1" 200 3 "http://localhost:4200/boards/2" "Mozilla/5.0 (Macintosh; Intel Mac OS X 10_13_6) AppleWebKit/537.36 (KHTML, like Gecko) Chrome/78.0.3904.70 Safari/537.36"
::1 - - [01/Nov/2019:18:28:31 +0000] "PUT /api/v1/cards/update HTTP/1.1" 200 3 "http://localhost:4200/boards/2" "Mozilla/5.0 (Macintosh; Intel Mac OS X 10_13_6) AppleWebKit/537.36 (KHTML, like Gecko) Chrome/78.0.3904.70 Safari/537.36"
::1 - - [01/Nov/2019:18:28:34 +0000] "PUT /api/v1/cards/update HTTP/1.1" 200 3 "http://localhost:4200/boards/2" "Mozilla/5.0 (Macintosh; Intel Mac OS X 10_13_6) AppleWebKit/537.36 (KHTML, like Gecko) Chrome/78.0.3904.70 Safari/537.36"
::1 - - [01/Nov/2019:18:28:46 +0000] "PUT /api/v1/cards/update HTTP/1.1" 200 3 "http://localhost:4200/boards/2" "Mozilla/5.0 (Macintosh; Intel Mac OS X 10_13_6) AppleWebKit/537.36 (KHTML, like Gecko) Chrome/78.0.3904.70 Safari/537.36"
::1 - - [01/Nov/2019:18:28:50 +0000] "PUT /api/v1/cards/update HTTP/1.1" 200 3 "http://localhost:4200/boards/2" "Mozilla/5.0 (Macintosh; Intel Mac OS X 10_13_6) AppleWebKit/537.36 (KHTML, like Gecko) Chrome/78.0.3904.70 Safari/537.36"
::1 - - [01/Nov/2019:18:30:31 +0000] "GET /api/v1/boards/get-board?board_id=2 HTTP/1.1" 200 241 "http://localhost:4200/boards/2" "Mozilla/5.0 (Macintosh; Intel Mac OS X 10_13_6) AppleWebKit/537.36 (KHTML, like Gecko) Chrome/78.0.3904.70 Safari/537.36"
::1 - - [01/Nov/2019:18:31:02 +0000] "GET /api/v1/boards/get-board?board_id=2 HTTP/1.1" 200 241 "http://localhost:4200/boards/2" "Mozilla/5.0 (Macintosh; Intel Mac OS X 10_13_6) AppleWebKit/537.36 (KHTML, like Gecko) Chrome/78.0.3904.70 Safari/537.36"
::1 - - [01/Nov/2019:18:31:05 +0000] "POST /api/v1/cards/create HTTP/1.1" 200 86 "http://localhost:4200/boards/2" "Mozilla/5.0 (Macintosh; Intel Mac OS X 10_13_6) AppleWebKit/537.36 (KHTML, like Gecko) Chrome/78.0.3904.70 Safari/537.36"
::1 - - [01/Nov/2019:18:31:09 +0000] "PUT /api/v1/cards/update HTTP/1.1" 200 3 "http://localhost:4200/boards/2" "Mozilla/5.0 (Macintosh; Intel Mac OS X 10_13_6) AppleWebKit/537.36 (KHTML, like Gecko) Chrome/78.0.3904.70 Safari/537.36"
::1 - - [01/Nov/2019:18:31:10 +0000] "PUT /api/v1/cards/update HTTP/1.1" 200 3 "http://localhost:4200/boards/2" "Mozilla/5.0 (Macintosh; Intel Mac OS X 10_13_6) AppleWebKit/537.36 (KHTML, like Gecko) Chrome/78.0.3904.70 Safari/537.36"
::1 - - [01/Nov/2019:18:31:12 +0000] "PUT /api/v1/cards/update HTTP/1.1" 200 3 "http://localhost:4200/boards/2" "Mozilla/5.0 (Macintosh; Intel Mac OS X 10_13_6) AppleWebKit/537.36 (KHTML, like Gecko) Chrome/78.0.3904.70 Safari/537.36"
::1 - - [01/Nov/2019:18:31:13 +0000] "PUT /api/v1/cards/update HTTP/1.1" 200 3 "http://localhost:4200/boards/2" "Mozilla/5.0 (Macintosh; Intel Mac OS X 10_13_6) AppleWebKit/537.36 (KHTML, like Gecko) Chrome/78.0.3904.70 Safari/537.36"
::1 - - [01/Nov/2019:18:31:14 +0000] "PUT /api/v1/cards/update HTTP/1.1" 200 3 "http://localhost:4200/boards/2" "Mozilla/5.0 (Macintosh; Intel Mac OS X 10_13_6) AppleWebKit/537.36 (KHTML, like Gecko) Chrome/78.0.3904.70 Safari/537.36"
::1 - - [01/Nov/2019:18:31:15 +0000] "PUT /api/v1/cards/update HTTP/1.1" 200 3 "http://localhost:4200/boards/2" "Mozilla/5.0 (Macintosh; Intel Mac OS X 10_13_6) AppleWebKit/537.36 (KHTML, like Gecko) Chrome/78.0.3904.70 Safari/537.36"
::1 - - [01/Nov/2019:18:31:17 +0000] "PUT /api/v1/cards/update HTTP/1.1" 200 3 "http://localhost:4200/boards/2" "Mozilla/5.0 (Macintosh; Intel Mac OS X 10_13_6) AppleWebKit/537.36 (KHTML, like Gecko) Chrome/78.0.3904.70 Safari/537.36"
::1 - - [01/Nov/2019:18:31:19 +0000] "PUT /api/v1/cards/update HTTP/1.1" 200 3 "http://localhost:4200/boards/2" "Mozilla/5.0 (Macintosh; Intel Mac OS X 10_13_6) AppleWebKit/537.36 (KHTML, like Gecko) Chrome/78.0.3904.70 Safari/537.36"
::1 - - [01/Nov/2019:18:31:21 +0000] "PUT /api/v1/cards/update HTTP/1.1" 200 3 "http://localhost:4200/boards/2" "Mozilla/5.0 (Macintosh; Intel Mac OS X 10_13_6) AppleWebKit/537.36 (KHTML, like Gecko) Chrome/78.0.3904.70 Safari/537.36"
::1 - - [01/Nov/2019:18:31:23 +0000] "PUT /api/v1/cards/update HTTP/1.1" 200 3 "http://localhost:4200/boards/2" "Mozilla/5.0 (Macintosh; Intel Mac OS X 10_13_6) AppleWebKit/537.36 (KHTML, like Gecko) Chrome/78.0.3904.70 Safari/537.36"
::1 - - [01/Nov/2019:18:31:26 +0000] "PUT /api/v1/cards/update HTTP/1.1" 200 3 "http://localhost:4200/boards/2" "Mozilla/5.0 (Macintosh; Intel Mac OS X 10_13_6) AppleWebKit/537.36 (KHTML, like Gecko) Chrome/78.0.3904.70 Safari/537.36"
::1 - - [01/Nov/2019:18:31:28 +0000] "PUT /api/v1/cards/update HTTP/1.1" 200 3 "http://localhost:4200/boards/2" "Mozilla/5.0 (Macintosh; Intel Mac OS X 10_13_6) AppleWebKit/537.36 (KHTML, like Gecko) Chrome/78.0.3904.70 Safari/537.36"
::1 - - [01/Nov/2019:18:31:29 +0000] "PUT /api/v1/cards/update HTTP/1.1" 200 3 "http://localhost:4200/boards/2" "Mozilla/5.0 (Macintosh; Intel Mac OS X 10_13_6) AppleWebKit/537.36 (KHTML, like Gecko) Chrome/78.0.3904.70 Safari/537.36"
::1 - - [01/Nov/2019:18:31:32 +0000] "PUT /api/v1/cards/update HTTP/1.1" 200 3 "http://localhost:4200/boards/2" "Mozilla/5.0 (Macintosh; Intel Mac OS X 10_13_6) AppleWebKit/537.36 (KHTML, like Gecko) Chrome/78.0.3904.70 Safari/537.36"
::1 - - [01/Nov/2019:18:31:33 +0000] "PUT /api/v1/cards/update HTTP/1.1" 200 3 "http://localhost:4200/boards/2" "Mozilla/5.0 (Macintosh; Intel Mac OS X 10_13_6) AppleWebKit/537.36 (KHTML, like Gecko) Chrome/78.0.3904.70 Safari/537.36"
::1 - - [01/Nov/2019:18:31:35 +0000] "PUT /api/v1/cards/update HTTP/1.1" 200 3 "http://localhost:4200/boards/2" "Mozilla/5.0 (Macintosh; Intel Mac OS X 10_13_6) AppleWebKit/537.36 (KHTML, like Gecko) Chrome/78.0.3904.70 Safari/537.36"
::1 - - [01/Nov/2019:18:31:36 +0000] "PUT /api/v1/cards/update HTTP/1.1" 200 3 "http://localhost:4200/boards/2" "Mozilla/5.0 (Macintosh; Intel Mac OS X 10_13_6) AppleWebKit/537.36 (KHTML, like Gecko) Chrome/78.0.3904.70 Safari/537.36"
::1 - - [01/Nov/2019:18:31:37 +0000] "PUT /api/v1/cards/update HTTP/1.1" 200 3 "http://localhost:4200/boards/2" "Mozilla/5.0 (Macintosh; Intel Mac OS X 10_13_6) AppleWebKit/537.36 (KHTML, like Gecko) Chrome/78.0.3904.70 Safari/537.36"
::1 - - [01/Nov/2019:18:31:39 +0000] "PUT /api/v1/cards/update HTTP/1.1" 200 3 "http://localhost:4200/boards/2" "Mozilla/5.0 (Macintosh; Intel Mac OS X 10_13_6) AppleWebKit/537.36 (KHTML, like Gecko) Chrome/78.0.3904.70 Safari/537.36"
::1 - - [01/Nov/2019:18:31:47 +0000] "PUT /api/v1/cards/update HTTP/1.1" 200 3 "http://localhost:4200/boards/2" "Mozilla/5.0 (Macintosh; Intel Mac OS X 10_13_6) AppleWebKit/537.36 (KHTML, like Gecko) Chrome/78.0.3904.70 Safari/537.36"
::1 - - [01/Nov/2019:18:52:58 +0000] "GET /api/v1/boards/get-board?board_id=2 HTTP/1.1" 200 341 "http://localhost:4200/boards/2" "Mozilla/5.0 (Macintosh; Intel Mac OS X 10_13_6) AppleWebKit/537.36 (KHTML, like Gecko) Chrome/78.0.3904.70 Safari/537.36"
::1 - - [01/Nov/2019:18:53:10 +0000] "GET /api/v1/boards/get-board?board_id=2 HTTP/1.1" 200 341 "http://localhost:4200/boards/2" "Mozilla/5.0 (Macintosh; Intel Mac OS X 10_13_6) AppleWebKit/537.36 (KHTML, like Gecko) Chrome/78.0.3904.70 Safari/537.36"
::1 - - [01/Nov/2019:19:01:30 +0000] "GET /api/v1/boards/get-board?board_id=2 HTTP/1.1" 200 341 "http://localhost:4200/boards/2" "Mozilla/5.0 (Macintosh; Intel Mac OS X 10_13_6) AppleWebKit/537.36 (KHTML, like Gecko) Chrome/78.0.3904.70 Safari/537.36"
::1 - - [01/Nov/2019:19:01:52 +0000] "GET /api/v1/boards/get-board?board_id=2 HTTP/1.1" 200 341 "http://localhost:4200/boards/2" "Mozilla/5.0 (Macintosh; Intel Mac OS X 10_13_6) AppleWebKit/537.36 (KHTML, like Gecko) Chrome/78.0.3904.70 Safari/537.36"
::1 - - [01/Nov/2019:19:01:59 +0000] "GET /api/v1/boards/get-board?board_id=123 HTTP/1.1" 404 9 "http://localhost:4200/boards/123" "Mozilla/5.0 (Macintosh; Intel Mac OS X 10_13_6) AppleWebKit/537.36 (KHTML, like Gecko) Chrome/78.0.3904.70 Safari/537.36"
::1 - - [01/Nov/2019:19:02:14 +0000] "GET /api/v1/boards/get-board?board_id=2 HTTP/1.1" 200 341 "http://localhost:4200/boards/2" "Mozilla/5.0 (Macintosh; Intel Mac OS X 10_13_6) AppleWebKit/537.36 (KHTML, like Gecko) Chrome/78.0.3904.70 Safari/537.36"
::1 - - [01/Nov/2019:19:02:19 +0000] "GET /api/v1/boards/get-board?board_id=225 HTTP/1.1" 404 9 "http://localhost:4200/boards/225" "Mozilla/5.0 (Macintosh; Intel Mac OS X 10_13_6) AppleWebKit/537.36 (KHTML, like Gecko) Chrome/78.0.3904.70 Safari/537.36"
::1 - - [01/Nov/2019:19:07:14 +0000] "GET /api/v1/boards/get-board?board_id=225 HTTP/1.1" 404 9 "http://localhost:4200/boards/225" "Mozilla/5.0 (Macintosh; Intel Mac OS X 10_13_6) AppleWebKit/537.36 (KHTML, like Gecko) Chrome/78.0.3904.70 Safari/537.36"
::1 - - [01/Nov/2019:19:07:15 +0000] "GET /api/v1/boards/get-board?board_id=225 HTTP/1.1" 404 9 "http://localhost:4200/boards/225" "Mozilla/5.0 (Macintosh; Intel Mac OS X 10_13_6) AppleWebKit/537.36 (KHTML, like Gecko) Chrome/78.0.3904.70 Safari/537.36"
::1 - - [01/Nov/2019:19:07:16 +0000] "GET /api/v1/boards/get-board?board_id=225 HTTP/1.1" 404 9 "http://localhost:4200/boards/225" "Mozilla/5.0 (Macintosh; Intel Mac OS X 10_13_6) AppleWebKit/537.36 (KHTML, like Gecko) Chrome/78.0.3904.70 Safari/537.36"
::1 - - [01/Nov/2019:19:07:17 +0000] "GET /api/v1/boards/get-board?board_id=225 HTTP/1.1" 404 9 "http://localhost:4200/boards/225" "Mozilla/5.0 (Macintosh; Intel Mac OS X 10_13_6) AppleWebKit/537.36 (KHTML, like Gecko) Chrome/78.0.3904.70 Safari/537.36"
::1 - - [01/Nov/2019:19:07:17 +0000] "GET /api/v1/boards/get-board?board_id=225 HTTP/1.1" 404 9 "http://localhost:4200/boards/225" "Mozilla/5.0 (Macintosh; Intel Mac OS X 10_13_6) AppleWebKit/537.36 (KHTML, like Gecko) Chrome/78.0.3904.70 Safari/537.36"
::1 - - [01/Nov/2019:19:07:18 +0000] "GET /api/v1/boards/get-board?board_id=225 HTTP/1.1" 404 9 "http://localhost:4200/boards/225" "Mozilla/5.0 (Macintosh; Intel Mac OS X 10_13_6) AppleWebKit/537.36 (KHTML, like Gecko) Chrome/78.0.3904.70 Safari/537.36"
::1 - - [01/Nov/2019:19:07:18 +0000] "GET /api/v1/boards/get-board?board_id=225 HTTP/1.1" 404 9 "http://localhost:4200/boards/225" "Mozilla/5.0 (Macintosh; Intel Mac OS X 10_13_6) AppleWebKit/537.36 (KHTML, like Gecko) Chrome/78.0.3904.70 Safari/537.36"
::1 - - [01/Nov/2019:19:07:19 +0000] "GET /api/v1/boards/get-board?board_id=225 HTTP/1.1" 404 9 "http://localhost:4200/boards/225" "Mozilla/5.0 (Macintosh; Intel Mac OS X 10_13_6) AppleWebKit/537.36 (KHTML, like Gecko) Chrome/78.0.3904.70 Safari/537.36"
::1 - - [01/Nov/2019:19:07:20 +0000] "GET /api/v1/boards/get-board?board_id=225 HTTP/1.1" 404 9 "http://localhost:4200/boards/225" "Mozilla/5.0 (Macintosh; Intel Mac OS X 10_13_6) AppleWebKit/537.36 (KHTML, like Gecko) Chrome/78.0.3904.70 Safari/537.36"
::1 - - [01/Nov/2019:19:07:21 +0000] "GET /api/v1/boards/get-board?board_id=225 HTTP/1.1" 404 9 "http://localhost:4200/boards/225" "Mozilla/5.0 (Macintosh; Intel Mac OS X 10_13_6) AppleWebKit/537.36 (KHTML, like Gecko) Chrome/78.0.3904.70 Safari/537.36"
::1 - - [01/Nov/2019:19:07:21 +0000] "GET /api/v1/boards/get-board?board_id=225 HTTP/1.1" 404 9 "http://localhost:4200/boards/225" "Mozilla/5.0 (Macintosh; Intel Mac OS X 10_13_6) AppleWebKit/537.36 (KHTML, like Gecko) Chrome/78.0.3904.70 Safari/537.36"
::1 - - [01/Nov/2019:19:07:22 +0000] "GET /api/v1/boards/get-board?board_id=225 HTTP/1.1" 404 9 "http://localhost:4200/boards/225" "Mozilla/5.0 (Macintosh; Intel Mac OS X 10_13_6) AppleWebKit/537.36 (KHTML, like Gecko) Chrome/78.0.3904.70 Safari/537.36"
::1 - - [01/Nov/2019:19:07:22 +0000] "GET /api/v1/boards/get-board?board_id=225 HTTP/1.1" 404 9 "http://localhost:4200/boards/225" "Mozilla/5.0 (Macintosh; Intel Mac OS X 10_13_6) AppleWebKit/537.36 (KHTML, like Gecko) Chrome/78.0.3904.70 Safari/537.36"
::1 - - [01/Nov/2019:19:07:25 +0000] "GET /api/v1/boards/get-board?board_id=2 HTTP/1.1" 200 341 "http://localhost:4200/boards/2" "Mozilla/5.0 (Macintosh; Intel Mac OS X 10_13_6) AppleWebKit/537.36 (KHTML, like Gecko) Chrome/78.0.3904.70 Safari/537.36"
::1 - - [01/Nov/2019:19:07:32 +0000] "GET /api/v1/boards/get-board?board_id=245 HTTP/1.1" 404 9 "http://localhost:4200/boards/245" "Mozilla/5.0 (Macintosh; Intel Mac OS X 10_13_6) AppleWebKit/537.36 (KHTML, like Gecko) Chrome/78.0.3904.70 Safari/537.36"
::1 - - [01/Nov/2019:20:49:15 +0000] "POST /api/v1/auth/sign-in HTTP/1.1" 200 223 "http://localhost:4200/login" "Mozilla/5.0 (Macintosh; Intel Mac OS X 10_13_6) AppleWebKit/537.36 (KHTML, like Gecko) Chrome/78.0.3904.70 Safari/537.36"
::1 - - [01/Nov/2019:20:49:15 +0000] "GET /api/v1/boards/get-boards?author_id=1 HTTP/1.1" 200 59 "http://localhost:4200/boards" "Mozilla/5.0 (Macintosh; Intel Mac OS X 10_13_6) AppleWebKit/537.36 (KHTML, like Gecko) Chrome/78.0.3904.70 Safari/537.36"
::1 - - [01/Nov/2019:20:49:24 +0000] "GET /api/v1/boards/get-board?board_id=2 HTTP/1.1" 200 341 "http://localhost:4200/boards/2" "Mozilla/5.0 (Macintosh; Intel Mac OS X 10_13_6) AppleWebKit/537.36 (KHTML, like Gecko) Chrome/78.0.3904.70 Safari/537.36"
::1 - - [01/Nov/2019:20:49:26 +0000] "PUT /api/v1/cards/update HTTP/1.1" 200 3 "http://localhost:4200/boards/2" "Mozilla/5.0 (Macintosh; Intel Mac OS X 10_13_6) AppleWebKit/537.36 (KHTML, like Gecko) Chrome/78.0.3904.70 Safari/537.36"
::1 - - [01/Nov/2019:20:49:31 +0000] "PUT /api/v1/cards/update HTTP/1.1" 200 3 "http://localhost:4200/boards/2" "Mozilla/5.0 (Macintosh; Intel Mac OS X 10_13_6) AppleWebKit/537.36 (KHTML, like Gecko) Chrome/78.0.3904.70 Safari/537.36"
::1 - - [01/Nov/2019:20:49:32 +0000] "GET /api/v1/cards/get-card?card_id=22 HTTP/1.1" 200 98 "http://localhost:4200/boards/2/cards/22" "Mozilla/5.0 (Macintosh; Intel Mac OS X 10_13_6) AppleWebKit/537.36 (KHTML, like Gecko) Chrome/78.0.3904.70 Safari/537.36"
::1 - - [01/Nov/2019:20:49:34 +0000] "GET /api/v1/cards/get-card?card_id=22 HTTP/1.1" 200 98 "http://localhost:4200/boards/2/cards/22" "Mozilla/5.0 (Macintosh; Intel Mac OS X 10_13_6) AppleWebKit/537.36 (KHTML, like Gecko) Chrome/78.0.3904.70 Safari/537.36"
::1 - - [01/Nov/2019:20:49:37 +0000] "GET /api/v1/cards/get-card?card_id=22 HTTP/1.1" 200 98 "http://localhost:4200/boards/2/cards/22" "Mozilla/5.0 (Macintosh; Intel Mac OS X 10_13_6) AppleWebKit/537.36 (KHTML, like Gecko) Chrome/78.0.3904.70 Safari/537.36"
::1 - - [01/Nov/2019:20:49:38 +0000] "GET /api/v1/cards/get-card?card_id=22 HTTP/1.1" 200 98 "http://localhost:4200/boards/2/cards/22" "Mozilla/5.0 (Macintosh; Intel Mac OS X 10_13_6) AppleWebKit/537.36 (KHTML, like Gecko) Chrome/78.0.3904.70 Safari/537.36"
::1 - - [01/Nov/2019:20:49:43 +0000] "GET /api/v1/cards/get-card?card_id=22 HTTP/1.1" 200 98 "http://localhost:4200/boards/2/cards/22" "Mozilla/5.0 (Macintosh; Intel Mac OS X 10_13_6) AppleWebKit/537.36 (KHTML, like Gecko) Chrome/78.0.3904.70 Safari/537.36"
::1 - - [01/Nov/2019:20:49:47 +0000] "GET /api/v1/cards/get-card?card_id=22 HTTP/1.1" 200 98 "http://localhost:4200/boards/2/cards/22" "Mozilla/5.0 (Macintosh; Intel Mac OS X 10_13_6) AppleWebKit/537.36 (KHTML, like Gecko) Chrome/78.0.3904.70 Safari/537.36"
::1 - - [01/Nov/2019:20:50:10 +0000] "POST /api/v1/cards/create HTTP/1.1" 200 85 "http://localhost:4200/boards/2" "Mozilla/5.0 (Macintosh; Intel Mac OS X 10_13_6) AppleWebKit/537.36 (KHTML, like Gecko) Chrome/78.0.3904.70 Safari/537.36"
::1 - - [01/Nov/2019:20:50:11 +0000] "POST /api/v1/cards/create HTTP/1.1" 200 86 "http://localhost:4200/boards/2" "Mozilla/5.0 (Macintosh; Intel Mac OS X 10_13_6) AppleWebKit/537.36 (KHTML, like Gecko) Chrome/78.0.3904.70 Safari/537.36"
::1 - - [01/Nov/2019:20:50:14 +0000] "PUT /api/v1/boards/change-board-title HTTP/1.1" 200 3 "http://localhost:4200/boards/2" "Mozilla/5.0 (Macintosh; Intel Mac OS X 10_13_6) AppleWebKit/537.36 (KHTML, like Gecko) Chrome/78.0.3904.70 Safari/537.36"
::1 - - [01/Nov/2019:20:50:16 +0000] "PUT /api/v1/boards/change-board-link HTTP/1.1" 200 3 "http://localhost:4200/boards/2" "Mozilla/5.0 (Macintosh; Intel Mac OS X 10_13_6) AppleWebKit/537.36 (KHTML, like Gecko) Chrome/78.0.3904.70 Safari/537.36"
::1 - - [01/Nov/2019:20:50:45 +0000] "GET /api/v1/boards/get-boards?author_id=1 HTTP/1.1" 200 101 "http://localhost:4200/boards" "Mozilla/5.0 (Macintosh; Intel Mac OS X 10_13_6) AppleWebKit/537.36 (KHTML, like Gecko) Chrome/78.0.3904.70 Safari/537.36"
::1 - - [01/Nov/2019:20:50:55 +0000] "GET /api/v1/boards/get-board?board_id=2 HTTP/1.1" 200 566 "http://localhost:4200/boards/2" "Mozilla/5.0 (Macintosh; Intel Mac OS X 10_13_6) AppleWebKit/537.36 (KHTML, like Gecko) Chrome/78.0.3904.70 Safari/537.36"
::1 - - [01/Nov/2019:20:51:01 +0000] "GET /api/v1/cards/get-card?card_id=22 HTTP/1.1" 200 98 "http://localhost:4200/boards/2/cards/22" "Mozilla/5.0 (Macintosh; Intel Mac OS X 10_13_6) AppleWebKit/537.36 (KHTML, like Gecko) Chrome/78.0.3904.70 Safari/537.36"
::1 - - [01/Nov/2019:20:51:10 +0000] "PUT /api/v1/cards/update HTTP/1.1" 200 3 "http://localhost:4200/boards/2/cards/22" "Mozilla/5.0 (Macintosh; Intel Mac OS X 10_13_6) AppleWebKit/537.36 (KHTML, like Gecko) Chrome/78.0.3904.70 Safari/537.36"
::1 - - [01/Nov/2019:20:57:02 +0000] "GET /api/v1/cards/get-card?card_id=22 HTTP/1.1" 200 111 "http://localhost:4200/boards/2/cards/22" "Mozilla/5.0 (Macintosh; Intel Mac OS X 10_13_6) AppleWebKit/537.36 (KHTML, like Gecko) Chrome/78.0.3904.70 Safari/537.36"
::1 - - [01/Nov/2019:20:57:54 +0000] "GET /api/v1/boards/get-board?board_id=2 HTTP/1.1" 200 579 "http://localhost:4200/boards/2/cards/22" "Mozilla/5.0 (Macintosh; Intel Mac OS X 10_13_6) AppleWebKit/537.36 (KHTML, like Gecko) Chrome/78.0.3904.70 Safari/537.36"
::1 - - [01/Nov/2019:20:57:54 +0000] "GET /api/v1/cards/get-card?card_id=22 HTTP/1.1" 200 111 "http://localhost:4200/boards/2/cards/22" "Mozilla/5.0 (Macintosh; Intel Mac OS X 10_13_6) AppleWebKit/537.36 (KHTML, like Gecko) Chrome/78.0.3904.70 Safari/537.36"
