::1 - - [10/Oct/2019:23:02:53 +0000] "POST /api/v1/boards/create HTTP/1.1" 401 13 "http://localhost:4200/boards" "Mozilla/5.0 (Macintosh; Intel Mac OS X 10_13_6) AppleWebKit/537.36 (KHTML, like Gecko) Chrome/77.0.3865.90 Safari/537.36"
::1 - - [10/Oct/2019:23:10:23 +0000] "POST /api/v1/boards/create HTTP/1.1" - - "http://localhost:4200/boards" "Mozilla/5.0 (Macintosh; Intel Mac OS X 10_13_6) AppleWebKit/537.36 (KHTML, like Gecko) Chrome/77.0.3865.90 Safari/537.36"
::1 - - [10/Oct/2019:23:19:48 +0000] "POST /api/v1/auth/sign-up HTTP/1.1" 401 16 "http://localhost:4200/sign-up" "Mozilla/5.0 (Macintosh; Intel Mac OS X 10_13_6) AppleWebKit/537.36 (KHTML, like Gecko) Chrome/77.0.3865.90 Safari/537.36"
::1 - - [10/Oct/2019:23:21:28 +0000] "POST /api/v1/auth/sign-up HTTP/1.1" 401 16 "http://localhost:4200/sign-up" "Mozilla/5.0 (Macintosh; Intel Mac OS X 10_13_6) AppleWebKit/537.36 (KHTML, like Gecko) Chrome/77.0.3865.90 Safari/537.36"
::1 - - [10/Oct/2019:23:23:10 +0000] "POST /api/v1/auth/sign-up HTTP/1.1" 200 194 "http://localhost:4200/sign-up" "Mozilla/5.0 (Macintosh; Intel Mac OS X 10_13_6) AppleWebKit/537.36 (KHTML, like Gecko) Chrome/77.0.3865.90 Safari/537.36"
::1 - - [10/Oct/2019:23:24:27 +0000] "POST /api/v1/boards/create HTTP/1.1" 200 43 "http://localhost:4200/boards" "Mozilla/5.0 (Macintosh; Intel Mac OS X 10_13_6) AppleWebKit/537.36 (KHTML, like Gecko) Chrome/77.0.3865.90 Safari/537.36"
::1 - - [11/Oct/2019:09:04:11 +0000] "POST /api/v1/auth/sign-in HTTP/1.1" 200 191 "http://localhost:4200/login" "Mozilla/5.0 (Macintosh; Intel Mac OS X 10_13_6) AppleWebKit/537.36 (KHTML, like Gecko) Chrome/77.0.3865.90 Safari/537.36"
::1 - - [11/Oct/2019:09:04:24 +0000] "POST /api/v1/boards/create HTTP/1.1" 200 42 "http://localhost:4200/boards" "Mozilla/5.0 (Macintosh; Intel Mac OS X 10_13_6) AppleWebKit/537.36 (KHTML, like Gecko) Chrome/77.0.3865.90 Safari/537.36"
::1 - - [11/Oct/2019:09:06:43 +0000] "POST /api/v1/boards/create HTTP/1.1" 422 150 "http://localhost:4200/boards" "Mozilla/5.0 (Macintosh; Intel Mac OS X 10_13_6) AppleWebKit/537.36 (KHTML, like Gecko) Chrome/77.0.3865.90 Safari/537.36"
::1 - - [11/Oct/2019:09:06:52 +0000] "GET /api/v1/boards/get-boards HTTP/1.1" 404 163 "http://localhost:4200/boards" "Mozilla/5.0 (Macintosh; Intel Mac OS X 10_13_6) AppleWebKit/537.36 (KHTML, like Gecko) Chrome/77.0.3865.90 Safari/537.36"
::1 - - [11/Oct/2019:09:07:31 +0000] "GET /api/v1/boards/get-boards HTTP/1.1" 404 163 "http://localhost:4200/boards" "Mozilla/5.0 (Macintosh; Intel Mac OS X 10_13_6) AppleWebKit/537.36 (KHTML, like Gecko) Chrome/77.0.3865.90 Safari/537.36"
::1 - - [11/Oct/2019:09:14:51 +0000] "GET /api/v1/boards/get-boards HTTP/1.1" 404 163 "http://localhost:4200/boards" "Mozilla/5.0 (Macintosh; Intel Mac OS X 10_13_6) AppleWebKit/537.36 (KHTML, like Gecko) Chrome/77.0.3865.90 Safari/537.36"
::1 - - [11/Oct/2019:09:15:05 +0000] "GET /api/v1/boards/get-boards HTTP/1.1" 404 163 "http://localhost:4200/boards" "Mozilla/5.0 (Macintosh; Intel Mac OS X 10_13_6) AppleWebKit/537.36 (KHTML, like Gecko) Chrome/77.0.3865.90 Safari/537.36"
::1 - - [11/Oct/2019:09:16:55 +0000] "GET /api/v1/boards/get-boards HTTP/1.1" 404 163 "http://localhost:4200/boards" "Mozilla/5.0 (Macintosh; Intel Mac OS X 10_13_6) AppleWebKit/537.36 (KHTML, like Gecko) Chrome/77.0.3865.90 Safari/537.36"
::1 - - [11/Oct/2019:09:17:43 +0000] "GET /api/v1/boards/get-boards HTTP/1.1" 404 163 "http://localhost:4200/boards" "Mozilla/5.0 (Macintosh; Intel Mac OS X 10_13_6) AppleWebKit/537.36 (KHTML, like Gecko) Chrome/77.0.3865.90 Safari/537.36"
::1 - - [11/Oct/2019:09:19:06 +0000] "GET /api/v1/boards/get-boards HTTP/1.1" 404 163 "http://localhost:4200/boards" "Mozilla/5.0 (Macintosh; Intel Mac OS X 10_13_6) AppleWebKit/537.36 (KHTML, like Gecko) Chrome/77.0.3865.90 Safari/537.36"
::1 - - [11/Oct/2019:09:20:05 +0000] "GET /api/v1/boards/get-boards HTTP/1.1" 200 44 "http://localhost:4200/boards" "Mozilla/5.0 (Macintosh; Intel Mac OS X 10_13_6) AppleWebKit/537.36 (KHTML, like Gecko) Chrome/77.0.3865.90 Safari/537.36"
::1 - - [11/Oct/2019:09:21:49 +0000] "GET /api/v1/boards/get-boards HTTP/1.1" 200 44 "http://localhost:4200/boards" "Mozilla/5.0 (Macintosh; Intel Mac OS X 10_13_6) AppleWebKit/537.36 (KHTML, like Gecko) Chrome/77.0.3865.90 Safari/537.36"
::1 - - [11/Oct/2019:09:24:55 +0000] "GET /api/v1/boards/get-boards HTTP/1.1" 200 44 "http://localhost:4200/boards" "Mozilla/5.0 (Macintosh; Intel Mac OS X 10_13_6) AppleWebKit/537.36 (KHTML, like Gecko) Chrome/77.0.3865.90 Safari/537.36"
::1 - - [11/Oct/2019:09:25:18 +0000] "GET /api/v1/boards/get-boards HTTP/1.1" 200 44 "http://localhost:4200/boards" "Mozilla/5.0 (Macintosh; Intel Mac OS X 10_13_6) AppleWebKit/537.36 (KHTML, like Gecko) Chrome/77.0.3865.90 Safari/537.36"
::1 - - [11/Oct/2019:09:25:25 +0000] "GET /api/v1/boards/get-boards HTTP/1.1" 200 44 "http://localhost:4200/boards" "Mozilla/5.0 (Macintosh; Intel Mac OS X 10_13_6) AppleWebKit/537.36 (KHTML, like Gecko) Chrome/77.0.3865.90 Safari/537.36"
::1 - - [11/Oct/2019:09:26:53 +0000] "POST /api/v1/auth/sign-in HTTP/1.1" 200 191 "http://localhost:4200/login" "Mozilla/5.0 (Macintosh; Intel Mac OS X 10_13_6) AppleWebKit/537.36 (KHTML, like Gecko) Chrome/77.0.3865.90 Safari/537.36"
::1 - - [11/Oct/2019:09:26:53 +0000] "GET /api/v1/boards/get-boards HTTP/1.1" 200 44 "http://localhost:4200/boards" "Mozilla/5.0 (Macintosh; Intel Mac OS X 10_13_6) AppleWebKit/537.36 (KHTML, like Gecko) Chrome/77.0.3865.90 Safari/537.36"
::1 - - [11/Oct/2019:09:27:24 +0000] "GET /api/v1/boards/get-boards HTTP/1.1" 200 44 "http://localhost:4200/boards" "Mozilla/5.0 (Macintosh; Intel Mac OS X 10_13_6) AppleWebKit/537.36 (KHTML, like Gecko) Chrome/77.0.3865.90 Safari/537.36"
::1 - - [11/Oct/2019:09:28:02 +0000] "GET /api/v1/boards/get-boards HTTP/1.1" 200 44 "http://localhost:4200/boards" "Mozilla/5.0 (Macintosh; Intel Mac OS X 10_13_6) AppleWebKit/537.36 (KHTML, like Gecko) Chrome/77.0.3865.90 Safari/537.36"
::1 - - [11/Oct/2019:09:28:13 +0000] "GET /api/v1/boards/get-boards HTTP/1.1" 200 44 "http://localhost:4200/boards" "Mozilla/5.0 (Macintosh; Intel Mac OS X 10_13_6) AppleWebKit/537.36 (KHTML, like Gecko) Chrome/77.0.3865.90 Safari/537.36"
::1 - - [11/Oct/2019:09:28:22 +0000] "GET /api/v1/boards/get-boards HTTP/1.1" 200 44 "http://localhost:4200/boards" "Mozilla/5.0 (Macintosh; Intel Mac OS X 10_13_6) AppleWebKit/537.36 (KHTML, like Gecko) Chrome/77.0.3865.90 Safari/537.36"
::1 - - [11/Oct/2019:09:28:49 +0000] "GET /api/v1/boards/get-boards HTTP/1.1" 200 44 "http://localhost:4200/boards" "Mozilla/5.0 (Macintosh; Intel Mac OS X 10_13_6) AppleWebKit/537.36 (KHTML, like Gecko) Chrome/77.0.3865.90 Safari/537.36"
::1 - - [11/Oct/2019:09:29:08 +0000] "GET /api/v1/boards/get-boards HTTP/1.1" 200 44 "http://localhost:4200/boards" "Mozilla/5.0 (Macintosh; Intel Mac OS X 10_13_6) AppleWebKit/537.36 (KHTML, like Gecko) Chrome/77.0.3865.90 Safari/537.36"
::1 - - [11/Oct/2019:09:29:41 +0000] "GET /api/v1/boards/get-boards HTTP/1.1" 200 44 "http://localhost:4200/boards" "Mozilla/5.0 (Macintosh; Intel Mac OS X 10_13_6) AppleWebKit/537.36 (KHTML, like Gecko) Chrome/77.0.3865.90 Safari/537.36"
::1 - - [11/Oct/2019:09:30:12 +0000] "GET /api/v1/boards/get-boards HTTP/1.1" 200 44 "http://localhost:4200/boards" "Mozilla/5.0 (Macintosh; Intel Mac OS X 10_13_6) AppleWebKit/537.36 (KHTML, like Gecko) Chrome/77.0.3865.90 Safari/537.36"
::1 - - [11/Oct/2019:09:30:20 +0000] "GET /api/v1/boards/get-boards HTTP/1.1" 200 44 "http://localhost:4200/boards" "Mozilla/5.0 (Macintosh; Intel Mac OS X 10_13_6) AppleWebKit/537.36 (KHTML, like Gecko) Chrome/77.0.3865.90 Safari/537.36"
::1 - - [11/Oct/2019:09:31:02 +0000] "GET /api/v1/boards/get-boards HTTP/1.1" 200 44 "http://localhost:4200/boards" "Mozilla/5.0 (Macintosh; Intel Mac OS X 10_13_6) AppleWebKit/537.36 (KHTML, like Gecko) Chrome/77.0.3865.90 Safari/537.36"
::1 - - [11/Oct/2019:09:31:56 +0000] "POST /api/v1/boards/create HTTP/1.1" 200 45 "http://localhost:4200/boards" "Mozilla/5.0 (Macintosh; Intel Mac OS X 10_13_6) AppleWebKit/537.36 (KHTML, like Gecko) Chrome/77.0.3865.90 Safari/537.36"
::1 - - [11/Oct/2019:09:32:30 +0000] "GET /api/v1/boards/get-boards HTTP/1.1" 200 90 "http://localhost:4200/boards" "Mozilla/5.0 (Macintosh; Intel Mac OS X 10_13_6) AppleWebKit/537.36 (KHTML, like Gecko) Chrome/77.0.3865.90 Safari/537.36"
::1 - - [11/Oct/2019:09:32:36 +0000] "POST /api/v1/boards/create HTTP/1.1" 200 44 "http://localhost:4200/boards" "Mozilla/5.0 (Macintosh; Intel Mac OS X 10_13_6) AppleWebKit/537.36 (KHTML, like Gecko) Chrome/77.0.3865.90 Safari/537.36"
::1 - - [11/Oct/2019:09:32:48 +0000] "POST /api/v1/boards/create HTTP/1.1" 200 44 "http://localhost:4200/boards" "Mozilla/5.0 (Macintosh; Intel Mac OS X 10_13_6) AppleWebKit/537.36 (KHTML, like Gecko) Chrome/77.0.3865.90 Safari/537.36"
::1 - - [11/Oct/2019:09:33:24 +0000] "GET /api/v1/boards/get-boards HTTP/1.1" 200 180 "http://localhost:4200/boards" "Mozilla/5.0 (Macintosh; Intel Mac OS X 10_13_6) AppleWebKit/537.36 (KHTML, like Gecko) Chrome/77.0.3865.90 Safari/537.36"
::1 - - [11/Oct/2019:09:33:29 +0000] "GET /api/v1/boards/get-boards HTTP/1.1" 200 180 "http://localhost:4200/boards" "Mozilla/5.0 (Macintosh; Intel Mac OS X 10_13_6) AppleWebKit/537.36 (KHTML, like Gecko) Chrome/77.0.3865.90 Safari/537.36"
::1 - - [11/Oct/2019:09:33:34 +0000] "POST /api/v1/boards/create HTTP/1.1" 200 36 "http://localhost:4200/boards" "Mozilla/5.0 (Macintosh; Intel Mac OS X 10_13_6) AppleWebKit/537.36 (KHTML, like Gecko) Chrome/77.0.3865.90 Safari/537.36"
::1 - - [11/Oct/2019:09:33:47 +0000] "GET /api/v1/boards/get-boards HTTP/1.1" 200 217 "http://localhost:4200/boards" "Mozilla/5.0 (Macintosh; Intel Mac OS X 10_13_6) AppleWebKit/537.36 (KHTML, like Gecko) Chrome/77.0.3865.90 Safari/537.36"
::1 - - [11/Oct/2019:09:33:49 +0000] "GET /api/v1/boards/get-boards HTTP/1.1" 200 217 "http://localhost:4200/boards" "Mozilla/5.0 (Macintosh; Intel Mac OS X 10_13_6) AppleWebKit/537.36 (KHTML, like Gecko) Chrome/77.0.3865.90 Safari/537.36"
::1 - - [11/Oct/2019:09:38:17 +0000] "GET /api/v1/boards/get-boards HTTP/1.1" 200 217 "http://localhost:4200/boards" "Mozilla/5.0 (Macintosh; Intel Mac OS X 10_13_6) AppleWebKit/537.36 (KHTML, like Gecko) Chrome/77.0.3865.90 Safari/537.36"
::1 - - [11/Oct/2019:09:38:44 +0000] "GET /api/v1/boards/get-boards HTTP/1.1" 200 217 "http://localhost:4200/boards" "Mozilla/5.0 (Macintosh; Intel Mac OS X 10_13_6) AppleWebKit/537.36 (KHTML, like Gecko) Chrome/77.0.3865.90 Safari/537.36"
::1 - - [11/Oct/2019:09:39:27 +0000] "POST /api/v1/boards/create HTTP/1.1" 200 34 "http://localhost:4200/boards" "Mozilla/5.0 (Macintosh; Intel Mac OS X 10_13_6) AppleWebKit/537.36 (KHTML, like Gecko) Chrome/77.0.3865.90 Safari/537.36"
::1 - - [11/Oct/2019:09:41:25 +0000] "GET /api/v1/boards/get-boards HTTP/1.1" 200 252 "http://localhost:4200/boards" "Mozilla/5.0 (Macintosh; Intel Mac OS X 10_13_6) AppleWebKit/537.36 (KHTML, like Gecko) Chrome/77.0.3865.90 Safari/537.36"
::1 - - [11/Oct/2019:09:41:32 +0000] "GET /api/v1/boards/get-boards HTTP/1.1" 200 252 "http://localhost:4200/boards" "Mozilla/5.0 (Macintosh; Intel Mac OS X 10_13_6) AppleWebKit/537.36 (KHTML, like Gecko) Chrome/77.0.3865.90 Safari/537.36"
::1 - - [11/Oct/2019:09:42:59 +0000] "GET /api/v1/boards/get-boards HTTP/1.1" 200 252 "http://localhost:4200/boards" "Mozilla/5.0 (Macintosh; Intel Mac OS X 10_13_6) AppleWebKit/537.36 (KHTML, like Gecko) Chrome/77.0.3865.90 Safari/537.36"
::1 - - [11/Oct/2019:09:43:27 +0000] "GET /api/v1/boards/get-boards HTTP/1.1" 200 252 "http://localhost:4200/boards" "Mozilla/5.0 (Macintosh; Intel Mac OS X 10_13_6) AppleWebKit/537.36 (KHTML, like Gecko) Chrome/77.0.3865.90 Safari/537.36"
::1 - - [11/Oct/2019:09:44:01 +0000] "GET /api/v1/boards/get-boards HTTP/1.1" 200 252 "http://localhost:4200/boards" "Mozilla/5.0 (Macintosh; Intel Mac OS X 10_13_6) AppleWebKit/537.36 (KHTML, like Gecko) Chrome/77.0.3865.90 Safari/537.36"
::1 - - [11/Oct/2019:09:52:40 +0000] "GET /api/v1/boards/get-boards HTTP/1.1" 200 252 "http://localhost:4200/boards" "Mozilla/5.0 (Macintosh; Intel Mac OS X 10_13_6) AppleWebKit/537.36 (KHTML, like Gecko) Chrome/77.0.3865.90 Safari/537.36"
::1 - - [11/Oct/2019:09:52:48 +0000] "GET /api/v1/boards/get-boards HTTP/1.1" 200 252 "http://localhost:4200/boards" "Mozilla/5.0 (Macintosh; Intel Mac OS X 10_13_6) AppleWebKit/537.36 (KHTML, like Gecko) Chrome/77.0.3865.90 Safari/537.36"
::1 - - [11/Oct/2019:09:52:55 +0000] "GET /api/v1/boards/get-boards HTTP/1.1" 200 252 "http://localhost:4200/boards" "Mozilla/5.0 (Macintosh; Intel Mac OS X 10_13_6) AppleWebKit/537.36 (KHTML, like Gecko) Chrome/77.0.3865.90 Safari/537.36"
::1 - - [11/Oct/2019:09:53:44 +0000] "GET /api/v1/boards/get-boards HTTP/1.1" 200 252 "http://localhost:4200/boards" "Mozilla/5.0 (Macintosh; Intel Mac OS X 10_13_6) AppleWebKit/537.36 (KHTML, like Gecko) Chrome/77.0.3865.90 Safari/537.36"
::1 - - [11/Oct/2019:09:54:10 +0000] "GET /api/v1/boards/get-boards HTTP/1.1" 200 252 "http://localhost:4200/boards" "Mozilla/5.0 (Macintosh; Intel Mac OS X 10_13_6) AppleWebKit/537.36 (KHTML, like Gecko) Chrome/77.0.3865.90 Safari/537.36"
::1 - - [11/Oct/2019:09:54:11 +0000] "GET /api/v1/boards/get-boards HTTP/1.1" 200 252 "http://localhost:4200/boards" "Mozilla/5.0 (Macintosh; Intel Mac OS X 10_13_6) AppleWebKit/537.36 (KHTML, like Gecko) Chrome/77.0.3865.90 Safari/537.36"
::1 - - [11/Oct/2019:09:54:13 +0000] "GET /api/v1/boards/get-boards HTTP/1.1" 200 252 "http://localhost:4200/boards" "Mozilla/5.0 (Macintosh; Intel Mac OS X 10_13_6) AppleWebKit/537.36 (KHTML, like Gecko) Chrome/77.0.3865.90 Safari/537.36"
::1 - - [11/Oct/2019:09:54:15 +0000] "GET /api/v1/boards/get-boards HTTP/1.1" 200 252 "http://localhost:4200/boards" "Mozilla/5.0 (Macintosh; Intel Mac OS X 10_13_6) AppleWebKit/537.36 (KHTML, like Gecko) Chrome/77.0.3865.90 Safari/537.36"
::1 - - [11/Oct/2019:09:54:47 +0000] "GET /api/v1/boards/get-boards HTTP/1.1" 200 252 "http://localhost:4200/boards" "Mozilla/5.0 (Macintosh; Intel Mac OS X 10_13_6) AppleWebKit/537.36 (KHTML, like Gecko) Chrome/77.0.3865.90 Safari/537.36"
::1 - - [11/Oct/2019:10:01:39 +0000] "POST /api/v1/auth/google-auth HTTP/1.1" 200 198 "http://localhost:4200/login" "Mozilla/5.0 (Macintosh; Intel Mac OS X 10_13_6) AppleWebKit/537.36 (KHTML, like Gecko) Chrome/77.0.3865.90 Safari/537.36"
::1 - - [11/Oct/2019:10:01:39 +0000] "GET /api/v1/boards/get-boards HTTP/1.1" 200 2 "http://localhost:4200/boards" "Mozilla/5.0 (Macintosh; Intel Mac OS X 10_13_6) AppleWebKit/537.36 (KHTML, like Gecko) Chrome/77.0.3865.90 Safari/537.36"
::1 - - [11/Oct/2019:10:02:46 +0000] "GET /api/v1/boards/get-boards HTTP/1.1" - - "http://localhost:4200/boards" "Mozilla/5.0 (Macintosh; Intel Mac OS X 10_13_6) AppleWebKit/537.36 (KHTML, like Gecko) Chrome/77.0.3865.90 Safari/537.36"
::1 - - [11/Oct/2019:10:02:59 +0000] "GET /api/v1/boards/get-boards HTTP/1.1" - - "http://localhost:4200/boards" "Mozilla/5.0 (Macintosh; Intel Mac OS X 10_13_6) AppleWebKit/537.36 (KHTML, like Gecko) Chrome/77.0.3865.90 Safari/537.36"
::1 - - [11/Oct/2019:10:03:03 +0000] "GET /api/v1/boards/get-boards HTTP/1.1" - - "http://localhost:4200/boards" "Mozilla/5.0 (Macintosh; Intel Mac OS X 10_13_6) AppleWebKit/537.36 (KHTML, like Gecko) Chrome/77.0.3865.90 Safari/537.36"
::1 - - [11/Oct/2019:10:03:42 +0000] "POST /api/v1/auth/google-auth HTTP/1.1" 200 198 "http://localhost:4200/login" "Mozilla/5.0 (Macintosh; Intel Mac OS X 10_13_6) AppleWebKit/537.36 (KHTML, like Gecko) Chrome/77.0.3865.90 Safari/537.36"
::1 - - [11/Oct/2019:10:03:42 +0000] "GET /api/v1/boards/get-boards HTTP/1.1" 200 2 "http://localhost:4200/boards" "Mozilla/5.0 (Macintosh; Intel Mac OS X 10_13_6) AppleWebKit/537.36 (KHTML, like Gecko) Chrome/77.0.3865.90 Safari/537.36"
::1 - - [11/Oct/2019:10:04:01 +0000] "GET /api/v1/boards/get-boards HTTP/1.1" 200 2 "http://localhost:4200/boards" "Mozilla/5.0 (Macintosh; Intel Mac OS X 10_13_6) AppleWebKit/537.36 (KHTML, like Gecko) Chrome/77.0.3865.90 Safari/537.36"
::1 - - [11/Oct/2019:10:04:31 +0000] "GET /api/v1/boards/get-boards HTTP/1.1" 200 2 "http://localhost:4200/boards" "Mozilla/5.0 (Macintosh; Intel Mac OS X 10_13_6) AppleWebKit/537.36 (KHTML, like Gecko) Chrome/77.0.3865.90 Safari/537.36"
::1 - - [11/Oct/2019:10:05:04 +0000] "POST /api/v1/boards/create HTTP/1.1" 200 39 "http://localhost:4200/boards" "Mozilla/5.0 (Macintosh; Intel Mac OS X 10_13_6) AppleWebKit/537.36 (KHTML, like Gecko) Chrome/77.0.3865.90 Safari/537.36"
::1 - - [11/Oct/2019:10:06:10 +0000] "POST /api/v1/auth/sign-in HTTP/1.1" 200 191 "http://localhost:4200/login" "Mozilla/5.0 (Macintosh; Intel Mac OS X 10_13_6) AppleWebKit/537.36 (KHTML, like Gecko) Chrome/77.0.3865.90 Safari/537.36"
::1 - - [11/Oct/2019:10:06:10 +0000] "GET /api/v1/boards/get-boards HTTP/1.1" 200 252 "http://localhost:4200/boards" "Mozilla/5.0 (Macintosh; Intel Mac OS X 10_13_6) AppleWebKit/537.36 (KHTML, like Gecko) Chrome/77.0.3865.90 Safari/537.36"
::1 - - [11/Oct/2019:10:07:25 +0000] "GET /api/v1/boards/get-boards HTTP/1.1" 200 252 "http://localhost:4200/boards" "Mozilla/5.0 (Macintosh; Intel Mac OS X 10_13_6) AppleWebKit/537.36 (KHTML, like Gecko) Chrome/77.0.3865.90 Safari/537.36"
::1 - - [11/Oct/2019:10:07:29 +0000] "GET /api/v1/boards/get-boards HTTP/1.1" 200 252 "http://localhost:4200/boards" "Mozilla/5.0 (Macintosh; Intel Mac OS X 10_13_6) AppleWebKit/537.36 (KHTML, like Gecko) Chrome/77.0.3865.90 Safari/537.36"
::1 - - [11/Oct/2019:10:07:54 +0000] "GET /api/v1/boards/get-boards HTTP/1.1" 200 252 "http://localhost:4200/boards" "Mozilla/5.0 (Macintosh; Intel Mac OS X 10_13_6) AppleWebKit/537.36 (KHTML, like Gecko) Chrome/77.0.3865.90 Safari/537.36"
::1 - - [11/Oct/2019:10:08:03 +0000] "POST /api/v1/auth/google-auth HTTP/1.1" 200 198 "http://localhost:4200/login" "Mozilla/5.0 (Macintosh; Intel Mac OS X 10_13_6) AppleWebKit/537.36 (KHTML, like Gecko) Chrome/77.0.3865.90 Safari/537.36"
::1 - - [11/Oct/2019:10:08:03 +0000] "GET /api/v1/boards/get-boards HTTP/1.1" 200 41 "http://localhost:4200/boards" "Mozilla/5.0 (Macintosh; Intel Mac OS X 10_13_6) AppleWebKit/537.36 (KHTML, like Gecko) Chrome/77.0.3865.90 Safari/537.36"
::1 - - [11/Oct/2019:10:08:09 +0000] "GET /api/v1/boards/get-boards HTTP/1.1" 200 41 "http://localhost:4200/boards" "Mozilla/5.0 (Macintosh; Intel Mac OS X 10_13_6) AppleWebKit/537.36 (KHTML, like Gecko) Chrome/77.0.3865.90 Safari/537.36"
::1 - - [11/Oct/2019:10:08:20 +0000] "POST /api/v1/auth/sign-in HTTP/1.1" 200 191 "http://localhost:4200/login" "Mozilla/5.0 (Macintosh; Intel Mac OS X 10_13_6) AppleWebKit/537.36 (KHTML, like Gecko) Chrome/77.0.3865.90 Safari/537.36"
::1 - - [11/Oct/2019:10:08:20 +0000] "GET /api/v1/boards/get-boards HTTP/1.1" 200 252 "http://localhost:4200/boards" "Mozilla/5.0 (Macintosh; Intel Mac OS X 10_13_6) AppleWebKit/537.36 (KHTML, like Gecko) Chrome/77.0.3865.90 Safari/537.36"
::1 - - [11/Oct/2019:10:23:52 +0000] "GET /api/v1/boards/get-boards HTTP/1.1" 200 252 "http://localhost:4200/boards" "Mozilla/5.0 (Macintosh; Intel Mac OS X 10_13_6) AppleWebKit/537.36 (KHTML, like Gecko) Chrome/77.0.3865.90 Safari/537.36"
::1 - - [11/Oct/2019:11:02:16 +0000] "GET /api/v1/boards/get-boards HTTP/1.1" 200 252 "http://localhost:4200/boards" "Mozilla/5.0 (Macintosh; Intel Mac OS X 10_13_6) AppleWebKit/537.36 (KHTML, like Gecko) Chrome/77.0.3865.90 Safari/537.36"
::1 - - [11/Oct/2019:11:05:35 +0000] "GET /api/v1/boards/get-boards HTTP/1.1" 200 252 "http://localhost:4200/boards" "Mozilla/5.0 (Macintosh; Intel Mac OS X 10_13_6) AppleWebKit/537.36 (KHTML, like Gecko) Chrome/77.0.3865.90 Safari/537.36"
::1 - - [11/Oct/2019:11:06:08 +0000] "GET /api/v1/boards/get-boards HTTP/1.1" 200 252 "http://localhost:4200/boards" "Mozilla/5.0 (Macintosh; Intel Mac OS X 10_13_6) AppleWebKit/537.36 (KHTML, like Gecko) Chrome/77.0.3865.90 Safari/537.36"
::1 - - [11/Oct/2019:11:30:47 +0000] "GET /api/v1/boards/get-boards HTTP/1.1" 200 252 "http://localhost:4200/boards" "Mozilla/5.0 (Macintosh; Intel Mac OS X 10_13_6) AppleWebKit/537.36 (KHTML, like Gecko) Chrome/77.0.3865.90 Safari/537.36"
::1 - - [11/Oct/2019:13:42:09 +0000] "GET /api/v1/boards/get-boards HTTP/1.1" 200 252 "http://localhost:4200/boards" "Mozilla/5.0 (Macintosh; Intel Mac OS X 10_13_6) AppleWebKit/537.36 (KHTML, like Gecko) Chrome/77.0.3865.90 Safari/537.36"
::1 - - [11/Oct/2019:19:30:25 +0000] "GET /api/v1/boards/get-boards HTTP/1.1" 200 252 "http://localhost:4200/boards" "Mozilla/5.0 (Macintosh; Intel Mac OS X 10_13_6) AppleWebKit/537.36 (KHTML, like Gecko) Chrome/77.0.3865.90 Safari/537.36"
::1 - - [11/Oct/2019:19:33:18 +0000] "GET /api/v1/boards/get-boards HTTP/1.1" 200 252 "http://localhost:4200/boards" "Mozilla/5.0 (Macintosh; Intel Mac OS X 10_13_6) AppleWebKit/537.36 (KHTML, like Gecko) Chrome/77.0.3865.90 Safari/537.36"
::1 - - [11/Oct/2019:19:34:11 +0000] "GET /api/v1/boards/get-boards HTTP/1.1" 200 252 "http://localhost:4200/boards" "Mozilla/5.0 (Macintosh; Intel Mac OS X 10_13_6) AppleWebKit/537.36 (KHTML, like Gecko) Chrome/77.0.3865.90 Safari/537.36"
::1 - - [11/Oct/2019:19:34:28 +0000] "GET /api/v1/boards/get-boards HTTP/1.1" 200 252 "http://localhost:4200/boards" "Mozilla/5.0 (Macintosh; Intel Mac OS X 10_13_6) AppleWebKit/537.36 (KHTML, like Gecko) Chrome/77.0.3865.90 Safari/537.36"
::1 - - [11/Oct/2019:19:35:32 +0000] "GET /api/v1/boards/get-boards HTTP/1.1" 200 252 "http://localhost:4200/boards" "Mozilla/5.0 (Macintosh; Intel Mac OS X 10_13_6) AppleWebKit/537.36 (KHTML, like Gecko) Chrome/77.0.3865.90 Safari/537.36"
::1 - - [11/Oct/2019:19:35:43 +0000] "GET /api/v1/boards/get-boards HTTP/1.1" 200 252 "http://localhost:4200/boards" "Mozilla/5.0 (Macintosh; Intel Mac OS X 10_13_6) AppleWebKit/537.36 (KHTML, like Gecko) Chrome/77.0.3865.90 Safari/537.36"
::1 - - [11/Oct/2019:19:35:54 +0000] "GET /api/v1/boards/get-boards HTTP/1.1" 200 252 "http://localhost:4200/boards" "Mozilla/5.0 (Macintosh; Intel Mac OS X 10_13_6) AppleWebKit/537.36 (KHTML, like Gecko) Chrome/77.0.3865.90 Safari/537.36"
::1 - - [11/Oct/2019:19:36:01 +0000] "GET /api/v1/boards/get-boards HTTP/1.1" 200 252 "http://localhost:4200/boards" "Mozilla/5.0 (Macintosh; Intel Mac OS X 10_13_6) AppleWebKit/537.36 (KHTML, like Gecko) Chrome/77.0.3865.90 Safari/537.36"
::1 - - [11/Oct/2019:19:36:08 +0000] "GET /api/v1/boards/get-boards HTTP/1.1" 200 252 "http://localhost:4200/boards" "Mozilla/5.0 (Macintosh; Intel Mac OS X 10_13_6) AppleWebKit/537.36 (KHTML, like Gecko) Chrome/77.0.3865.90 Safari/537.36"
::1 - - [11/Oct/2019:19:37:34 +0000] "GET /api/v1/boards/get-boards HTTP/1.1" 401 13 "http://localhost:4200/boards" "Mozilla/5.0 (Macintosh; Intel Mac OS X 10_13_6) AppleWebKit/537.36 (KHTML, like Gecko) Chrome/77.0.3865.90 Safari/537.36"
::1 - - [11/Oct/2019:19:38:02 +0000] "POST /api/v1/auth/sign-in HTTP/1.1" 200 191 "http://localhost:4200/login" "Mozilla/5.0 (Macintosh; Intel Mac OS X 10_13_6) AppleWebKit/537.36 (KHTML, like Gecko) Chrome/77.0.3865.90 Safari/537.36"
::1 - - [11/Oct/2019:19:38:02 +0000] "GET /api/v1/boards/get-boards HTTP/1.1" 200 252 "http://localhost:4200/boards" "Mozilla/5.0 (Macintosh; Intel Mac OS X 10_13_6) AppleWebKit/537.36 (KHTML, like Gecko) Chrome/77.0.3865.90 Safari/537.36"
::1 - - [11/Oct/2019:19:38:15 +0000] "GET /api/v1/boards/get-boards HTTP/1.1" 200 252 "http://localhost:4200/boards" "Mozilla/5.0 (Macintosh; Intel Mac OS X 10_13_6) AppleWebKit/537.36 (KHTML, like Gecko) Chrome/77.0.3865.90 Safari/537.36"
::1 - - [11/Oct/2019:19:39:03 +0000] "GET /api/v1/boards/get-boards HTTP/1.1" 401 13 "http://localhost:4200/boards" "Mozilla/5.0 (Macintosh; Intel Mac OS X 10_13_6) AppleWebKit/537.36 (KHTML, like Gecko) Chrome/77.0.3865.90 Safari/537.36"
::1 - - [11/Oct/2019:19:40:13 +0000] "POST /api/v1/auth/sign-in HTTP/1.1" 200 191 "http://localhost:4200/login" "Mozilla/5.0 (Macintosh; Intel Mac OS X 10_13_6) AppleWebKit/537.36 (KHTML, like Gecko) Chrome/77.0.3865.90 Safari/537.36"
::1 - - [11/Oct/2019:19:40:14 +0000] "GET /api/v1/boards/get-boards HTTP/1.1" 200 252 "http://localhost:4200/boards" "Mozilla/5.0 (Macintosh; Intel Mac OS X 10_13_6) AppleWebKit/537.36 (KHTML, like Gecko) Chrome/77.0.3865.90 Safari/537.36"
::1 - - [11/Oct/2019:19:41:04 +0000] "GET /api/v1/boards/get-boards HTTP/1.1" 200 252 "http://localhost:4200/boards" "Mozilla/5.0 (Macintosh; Intel Mac OS X 10_13_6) AppleWebKit/537.36 (KHTML, like Gecko) Chrome/77.0.3865.90 Safari/537.36"
::1 - - [11/Oct/2019:19:43:17 +0000] "GET /api/v1/boards/get-boards HTTP/1.1" 200 252 "http://localhost:4200/boards" "Mozilla/5.0 (Macintosh; Intel Mac OS X 10_13_6) AppleWebKit/537.36 (KHTML, like Gecko) Chrome/77.0.3865.90 Safari/537.36"
::1 - - [11/Oct/2019:19:43:24 +0000] "GET /api/v1/boards/get-boards HTTP/1.1" 200 252 "http://localhost:4200/boards" "Mozilla/5.0 (Macintosh; Intel Mac OS X 10_13_6) AppleWebKit/537.36 (KHTML, like Gecko) Chrome/77.0.3865.90 Safari/537.36"
::1 - - [11/Oct/2019:19:44:04 +0000] "GET /api/v1/boards/get-boards HTTP/1.1" 200 252 "http://localhost:4200/boards" "Mozilla/5.0 (Macintosh; Intel Mac OS X 10_13_6) AppleWebKit/537.36 (KHTML, like Gecko) Chrome/77.0.3865.90 Safari/537.36"
::1 - - [11/Oct/2019:19:44:09 +0000] "POST /api/v1/boards/create HTTP/1.1" 200 37 "http://localhost:4200/boards" "Mozilla/5.0 (Macintosh; Intel Mac OS X 10_13_6) AppleWebKit/537.36 (KHTML, like Gecko) Chrome/77.0.3865.90 Safari/537.36"
::1 - - [11/Oct/2019:19:44:29 +0000] "GET /api/v1/boards/get-boards HTTP/1.1" 200 290 "http://localhost:4200/boards" "Mozilla/5.0 (Macintosh; Intel Mac OS X 10_13_6) AppleWebKit/537.36 (KHTML, like Gecko) Chrome/77.0.3865.90 Safari/537.36"
::1 - - [11/Oct/2019:19:44:33 +0000] "GET /api/v1/boards/get-boards HTTP/1.1" 200 290 "http://localhost:4200/boards" "Mozilla/5.0 (Macintosh; Intel Mac OS X 10_13_6) AppleWebKit/537.36 (KHTML, like Gecko) Chrome/77.0.3865.90 Safari/537.36"
::1 - - [11/Oct/2019:19:44:39 +0000] "GET /api/v1/boards/get-boards HTTP/1.1" 200 290 "http://localhost:4200/boards" "Mozilla/5.0 (Macintosh; Intel Mac OS X 10_13_6) AppleWebKit/537.36 (KHTML, like Gecko) Chrome/77.0.3865.90 Safari/537.36"
::1 - - [11/Oct/2019:19:44:50 +0000] "GET /api/v1/boards/get-boards HTTP/1.1" 200 290 "http://localhost:4200/boards" "Mozilla/5.0 (Macintosh; Intel Mac OS X 10_13_6) AppleWebKit/537.36 (KHTML, like Gecko) Chrome/77.0.3865.90 Safari/537.36"
::1 - - [11/Oct/2019:19:44:59 +0000] "GET /api/v1/boards/get-boards HTTP/1.1" 200 290 "http://localhost:4200/boards" "Mozilla/5.0 (Macintosh; Intel Mac OS X 10_13_6) AppleWebKit/537.36 (KHTML, like Gecko) Chrome/77.0.3865.90 Safari/537.36"
::1 - - [11/Oct/2019:19:48:29 +0000] "GET /api/v1/boards/get-boards HTTP/1.1" 200 290 "http://localhost:4200/boards" "Mozilla/5.0 (Macintosh; Intel Mac OS X 10_13_6) AppleWebKit/537.36 (KHTML, like Gecko) Chrome/77.0.3865.90 Safari/537.36"
::1 - - [11/Oct/2019:19:50:27 +0000] "GET /api/v1/boards/get-boards HTTP/1.1" 200 290 "http://localhost:4200/boards" "Mozilla/5.0 (Macintosh; Intel Mac OS X 10_13_6) AppleWebKit/537.36 (KHTML, like Gecko) Chrome/77.0.3865.90 Safari/537.36"
::1 - - [11/Oct/2019:19:50:53 +0000] "GET /api/v1/boards/get-boards HTTP/1.1" 200 290 "http://localhost:4200/boards" "Mozilla/5.0 (Macintosh; Intel Mac OS X 10_13_6) AppleWebKit/537.36 (KHTML, like Gecko) Chrome/77.0.3865.90 Safari/537.36"
::1 - - [11/Oct/2019:19:51:10 +0000] "GET /api/v1/boards/get-boards HTTP/1.1" 200 290 "http://localhost:4200/boards" "Mozilla/5.0 (Macintosh; Intel Mac OS X 10_13_6) AppleWebKit/537.36 (KHTML, like Gecko) Chrome/77.0.3865.90 Safari/537.36"
::1 - - [11/Oct/2019:19:51:52 +0000] "GET /api/v1/boards/get-boards HTTP/1.1" 200 290 "http://localhost:4200/boards" "Mozilla/5.0 (Macintosh; Intel Mac OS X 10_13_6) AppleWebKit/537.36 (KHTML, like Gecko) Chrome/77.0.3865.90 Safari/537.36"
::1 - - [11/Oct/2019:19:52:00 +0000] "GET /api/v1/boards/get-boards HTTP/1.1" 200 290 "http://localhost:4200/boards" "Mozilla/5.0 (Macintosh; Intel Mac OS X 10_13_6) AppleWebKit/537.36 (KHTML, like Gecko) Chrome/77.0.3865.90 Safari/537.36"
::1 - - [11/Oct/2019:19:53:47 +0000] "GET /api/v1/boards/get-boards HTTP/1.1" 200 290 "http://localhost:4200/boards" "Mozilla/5.0 (Macintosh; Intel Mac OS X 10_13_6) AppleWebKit/537.36 (KHTML, like Gecko) Chrome/77.0.3865.90 Safari/537.36"
::1 - - [11/Oct/2019:19:54:14 +0000] "GET /api/v1/boards/get-boards HTTP/1.1" 200 290 "http://localhost:4200/boards" "Mozilla/5.0 (Macintosh; Intel Mac OS X 10_13_6) AppleWebKit/537.36 (KHTML, like Gecko) Chrome/77.0.3865.90 Safari/537.36"
::1 - - [11/Oct/2019:19:54:20 +0000] "GET /api/v1/boards/get-boards HTTP/1.1" 200 290 "http://localhost:4200/boards" "Mozilla/5.0 (Macintosh; Intel Mac OS X 10_13_6) AppleWebKit/537.36 (KHTML, like Gecko) Chrome/77.0.3865.90 Safari/537.36"
::1 - - [11/Oct/2019:19:56:05 +0000] "GET /api/v1/boards/get-boards HTTP/1.1" 200 290 "http://localhost:4200/boards" "Mozilla/5.0 (Macintosh; Intel Mac OS X 10_13_6) AppleWebKit/537.36 (KHTML, like Gecko) Chrome/77.0.3865.90 Safari/537.36"
::1 - - [11/Oct/2019:19:56:10 +0000] "GET /api/v1/boards/get-boards HTTP/1.1" 200 290 "http://localhost:4200/boards" "Mozilla/5.0 (Macintosh; Intel Mac OS X 10_13_6) AppleWebKit/537.36 (KHTML, like Gecko) Chrome/77.0.3865.90 Safari/537.36"
::1 - - [11/Oct/2019:19:56:28 +0000] "GET /api/v1/boards/get-boards HTTP/1.1" 200 290 "http://localhost:4200/boards" "Mozilla/5.0 (Macintosh; Intel Mac OS X 10_13_6) AppleWebKit/537.36 (KHTML, like Gecko) Chrome/77.0.3865.90 Safari/537.36"
::1 - - [11/Oct/2019:19:57:37 +0000] "GET /api/v1/boards/get-boards HTTP/1.1" 200 290 "http://localhost:4200/boards" "Mozilla/5.0 (Macintosh; Intel Mac OS X 10_13_6) AppleWebKit/537.36 (KHTML, like Gecko) Chrome/77.0.3865.90 Safari/537.36"
::1 - - [11/Oct/2019:19:57:47 +0000] "POST /api/v1/auth/google-auth HTTP/1.1" 200 198 "http://localhost:4200/login" "Mozilla/5.0 (Macintosh; Intel Mac OS X 10_13_6) AppleWebKit/537.36 (KHTML, like Gecko) Chrome/77.0.3865.90 Safari/537.36"
::1 - - [11/Oct/2019:19:57:47 +0000] "GET /api/v1/boards/get-boards HTTP/1.1" 401 13 "http://localhost:4200/boards" "Mozilla/5.0 (Macintosh; Intel Mac OS X 10_13_6) AppleWebKit/537.36 (KHTML, like Gecko) Chrome/77.0.3865.90 Safari/537.36"
::1 - - [11/Oct/2019:20:04:32 +0000] "POST /api/v1/auth/google-auth HTTP/1.1" 200 198 "http://localhost:4200/login" "Mozilla/5.0 (Macintosh; Intel Mac OS X 10_13_6) AppleWebKit/537.36 (KHTML, like Gecko) Chrome/77.0.3865.90 Safari/537.36"
::1 - - [11/Oct/2019:20:04:36 +0000] "GET /api/v1/boards/get-boards HTTP/1.1" 401 13 "http://localhost:4200/boards" "Mozilla/5.0 (Macintosh; Intel Mac OS X 10_13_6) AppleWebKit/537.36 (KHTML, like Gecko) Chrome/77.0.3865.90 Safari/537.36"
::1 - - [11/Oct/2019:20:06:06 +0000] "POST /api/v1/auth/google-auth HTTP/1.1" 200 198 "http://localhost:4200/login" "Mozilla/5.0 (Macintosh; Intel Mac OS X 10_13_6) AppleWebKit/537.36 (KHTML, like Gecko) Chrome/77.0.3865.90 Safari/537.36"
::1 - - [11/Oct/2019:20:06:59 +0000] "GET /api/v1/boards/get-boards HTTP/1.1" 401 13 "http://localhost:4200/boards" "Mozilla/5.0 (Macintosh; Intel Mac OS X 10_13_6) AppleWebKit/537.36 (KHTML, like Gecko) Chrome/77.0.3865.90 Safari/537.36"
::1 - - [11/Oct/2019:20:07:33 +0000] "POST /api/v1/auth/sign-in HTTP/1.1" 200 191 "http://localhost:4200/login" "Mozilla/5.0 (Macintosh; Intel Mac OS X 10_13_6) AppleWebKit/537.36 (KHTML, like Gecko) Chrome/77.0.3865.90 Safari/537.36"
::1 - - [11/Oct/2019:20:10:09 +0000] "GET /api/v1/boards/get-boards HTTP/1.1" - - "http://localhost:4200/boards" "Mozilla/5.0 (Macintosh; Intel Mac OS X 10_13_6) AppleWebKit/537.36 (KHTML, like Gecko) Chrome/77.0.3865.90 Safari/537.36"
::1 - - [11/Oct/2019:20:10:14 +0000] "GET /api/v1/boards/get-boards HTTP/1.1" 200 290 "http://localhost:4200/boards" "Mozilla/5.0 (Macintosh; Intel Mac OS X 10_13_6) AppleWebKit/537.36 (KHTML, like Gecko) Chrome/77.0.3865.90 Safari/537.36"
::1 - - [11/Oct/2019:20:11:17 +0000] "POST /api/v1/auth/google-auth HTTP/1.1" 200 198 "http://localhost:4200/login" "Mozilla/5.0 (Macintosh; Intel Mac OS X 10_13_6) AppleWebKit/537.36 (KHTML, like Gecko) Chrome/77.0.3865.90 Safari/537.36"
::1 - - [11/Oct/2019:20:32:33 +0000] "GET /api/v1/boards/get-boards HTTP/1.1" 401 13 "http://localhost:4200/boards" "Mozilla/5.0 (Macintosh; Intel Mac OS X 10_13_6) AppleWebKit/537.36 (KHTML, like Gecko) Chrome/77.0.3865.90 Safari/537.36"
::1 - - [11/Oct/2019:20:43:52 +0000] "POST /api/v1/auth/google-auth HTTP/1.1" 200 198 "http://localhost:4200/login" "Mozilla/5.0 (Macintosh; Intel Mac OS X 10_13_6) AppleWebKit/537.36 (KHTML, like Gecko) Chrome/77.0.3865.90 Safari/537.36"
::1 - - [11/Oct/2019:20:44:06 +0000] "GET /api/v1/boards/get-boards HTTP/1.1" 401 13 "http://localhost:4200/boards" "Mozilla/5.0 (Macintosh; Intel Mac OS X 10_13_6) AppleWebKit/537.36 (KHTML, like Gecko) Chrome/77.0.3865.90 Safari/537.36"
::1 - - [11/Oct/2019:20:45:07 +0000] "POST /api/v1/auth/sign-in HTTP/1.1" 200 191 "http://localhost:4200/login" "Mozilla/5.0 (Macintosh; Intel Mac OS X 10_13_6) AppleWebKit/537.36 (KHTML, like Gecko) Chrome/77.0.3865.90 Safari/537.36"
::1 - - [11/Oct/2019:20:45:29 +0000] "GET /api/v1/boards/get-boards HTTP/1.1" 200 290 "http://localhost:4200/boards" "Mozilla/5.0 (Macintosh; Intel Mac OS X 10_13_6) AppleWebKit/537.36 (KHTML, like Gecko) Chrome/77.0.3865.90 Safari/537.36"
::1 - - [11/Oct/2019:20:46:03 +0000] "POST /api/v1/auth/google-auth HTTP/1.1" 200 198 "http://localhost:4200/login" "Mozilla/5.0 (Macintosh; Intel Mac OS X 10_13_6) AppleWebKit/537.36 (KHTML, like Gecko) Chrome/77.0.3865.90 Safari/537.36"
::1 - - [11/Oct/2019:20:47:54 +0000] "GET /api/v1/boards/get-boards HTTP/1.1" 401 13 "http://localhost:4200/boards" "Mozilla/5.0 (Macintosh; Intel Mac OS X 10_13_6) AppleWebKit/537.36 (KHTML, like Gecko) Chrome/77.0.3865.90 Safari/537.36"
::1 - - [11/Oct/2019:20:49:05 +0000] "POST /api/v1/auth/google-auth HTTP/1.1" 200 198 "http://localhost:4200/login" "Mozilla/5.0 (Macintosh; Intel Mac OS X 10_13_6) AppleWebKit/537.36 (KHTML, like Gecko) Chrome/77.0.3865.90 Safari/537.36"
::1 - - [11/Oct/2019:20:49:08 +0000] "GET /api/v1/boards/get-boards HTTP/1.1" 401 13 "http://localhost:4200/boards" "Mozilla/5.0 (Macintosh; Intel Mac OS X 10_13_6) AppleWebKit/537.36 (KHTML, like Gecko) Chrome/77.0.3865.90 Safari/537.36"
::1 - - [11/Oct/2019:20:50:29 +0000] "POST /api/v1/auth/sign-in HTTP/1.1" 200 191 "http://localhost:4200/login" "Mozilla/5.0 (Macintosh; Intel Mac OS X 10_13_6) AppleWebKit/537.36 (KHTML, like Gecko) Chrome/77.0.3865.90 Safari/537.36"
::1 - - [11/Oct/2019:20:50:49 +0000] "GET /api/v1/boards/get-boards HTTP/1.1" 200 290 "http://localhost:4200/boards" "Mozilla/5.0 (Macintosh; Intel Mac OS X 10_13_6) AppleWebKit/537.36 (KHTML, like Gecko) Chrome/77.0.3865.90 Safari/537.36"
::1 - - [11/Oct/2019:20:51:10 +0000] "POST /api/v1/auth/google-auth HTTP/1.1" 200 198 "http://localhost:4200/login" "Mozilla/5.0 (Macintosh; Intel Mac OS X 10_13_6) AppleWebKit/537.36 (KHTML, like Gecko) Chrome/77.0.3865.90 Safari/537.36"
::1 - - [11/Oct/2019:20:51:34 +0000] "GET /api/v1/boards/get-boards HTTP/1.1" 401 13 "http://localhost:4200/boards" "Mozilla/5.0 (Macintosh; Intel Mac OS X 10_13_6) AppleWebKit/537.36 (KHTML, like Gecko) Chrome/77.0.3865.90 Safari/537.36"
::1 - - [11/Oct/2019:20:52:04 +0000] "POST /api/v1/auth/sign-in HTTP/1.1" 401 16 "http://localhost:4200/login" "Mozilla/5.0 (Macintosh; Intel Mac OS X 10_13_6) AppleWebKit/537.36 (KHTML, like Gecko) Chrome/77.0.3865.90 Safari/537.36"
::1 - - [11/Oct/2019:20:52:16 +0000] "POST /api/v1/auth/sign-in HTTP/1.1" 200 191 "http://localhost:4200/login" "Mozilla/5.0 (Macintosh; Intel Mac OS X 10_13_6) AppleWebKit/537.36 (KHTML, like Gecko) Chrome/77.0.3865.90 Safari/537.36"
::1 - - [11/Oct/2019:20:52:48 +0000] "GET /api/v1/boards/get-boards HTTP/1.1" 200 290 "http://localhost:4200/boards" "Mozilla/5.0 (Macintosh; Intel Mac OS X 10_13_6) AppleWebKit/537.36 (KHTML, like Gecko) Chrome/77.0.3865.90 Safari/537.36"
::1 - - [11/Oct/2019:20:53:02 +0000] "POST /api/v1/auth/google-auth HTTP/1.1" 200 198 "http://localhost:4200/login" "Mozilla/5.0 (Macintosh; Intel Mac OS X 10_13_6) AppleWebKit/537.36 (KHTML, like Gecko) Chrome/77.0.3865.90 Safari/537.36"
::1 - - [11/Oct/2019:20:54:05 +0000] "GET /api/v1/boards/get-boards HTTP/1.1" 401 13 "http://localhost:4200/boards" "Mozilla/5.0 (Macintosh; Intel Mac OS X 10_13_6) AppleWebKit/537.36 (KHTML, like Gecko) Chrome/77.0.3865.90 Safari/537.36"
::1 - - [11/Oct/2019:20:54:43 +0000] "POST /api/v1/auth/google-auth HTTP/1.1" 200 198 "http://localhost:4200/login" "Mozilla/5.0 (Macintosh; Intel Mac OS X 10_13_6) AppleWebKit/537.36 (KHTML, like Gecko) Chrome/77.0.3865.90 Safari/537.36"
::1 - - [11/Oct/2019:20:54:45 +0000] "GET /api/v1/boards/get-boards HTTP/1.1" 401 13 "http://localhost:4200/boards" "Mozilla/5.0 (Macintosh; Intel Mac OS X 10_13_6) AppleWebKit/537.36 (KHTML, like Gecko) Chrome/77.0.3865.90 Safari/537.36"
::1 - - [11/Oct/2019:20:56:27 +0000] "POST /api/v1/auth/google-auth HTTP/1.1" 200 198 "http://localhost:4200/login" "Mozilla/5.0 (Macintosh; Intel Mac OS X 10_13_6) AppleWebKit/537.36 (KHTML, like Gecko) Chrome/77.0.3865.90 Safari/537.36"
::1 - - [11/Oct/2019:20:56:48 +0000] "GET /api/v1/boards/get-boards HTTP/1.1" 401 13 "http://localhost:4200/boards" "Mozilla/5.0 (Macintosh; Intel Mac OS X 10_13_6) AppleWebKit/537.36 (KHTML, like Gecko) Chrome/77.0.3865.90 Safari/537.36"
::1 - - [11/Oct/2019:20:57:46 +0000] "POST /api/v1/auth/google-auth HTTP/1.1" 200 198 "http://localhost:4200/login" "Mozilla/5.0 (Macintosh; Intel Mac OS X 10_13_6) AppleWebKit/537.36 (KHTML, like Gecko) Chrome/77.0.3865.90 Safari/537.36"
::1 - - [11/Oct/2019:20:57:50 +0000] "GET /api/v1/boards/get-boards HTTP/1.1" 401 13 "http://localhost:4200/boards" "Mozilla/5.0 (Macintosh; Intel Mac OS X 10_13_6) AppleWebKit/537.36 (KHTML, like Gecko) Chrome/77.0.3865.90 Safari/537.36"
::1 - - [11/Oct/2019:20:59:33 +0000] "POST /api/v1/auth/google-auth HTTP/1.1" 200 198 "http://localhost:4200/login" "Mozilla/5.0 (Macintosh; Intel Mac OS X 10_13_6) AppleWebKit/537.36 (KHTML, like Gecko) Chrome/77.0.3865.90 Safari/537.36"
::1 - - [11/Oct/2019:20:59:34 +0000] "GET /api/v1/boards/get-boards HTTP/1.1" 401 13 "http://localhost:4200/boards" "Mozilla/5.0 (Macintosh; Intel Mac OS X 10_13_6) AppleWebKit/537.36 (KHTML, like Gecko) Chrome/77.0.3865.90 Safari/537.36"
