::1 - - [25/Oct/2019:08:44:05 +0000] "GET /api/v1/boards/get-boards HTTP/1.1" 200 71 "http://localhost:4200/boards" "Mozilla/5.0 (Macintosh; Intel Mac OS X 10_13_6) AppleWebKit/537.36 (KHTML, like Gecko) Chrome/77.0.3865.120 Safari/537.36"
::1 - - [25/Oct/2019:08:44:20 +0000] "GET /api/v1/boards/get-board HTTP/1.1" 200 465 "http://localhost:4200/boards/1" "Mozilla/5.0 (Macintosh; Intel Mac OS X 10_13_6) AppleWebKit/537.36 (KHTML, like Gecko) Chrome/77.0.3865.120 Safari/537.36"
::1 - - [25/Oct/2019:08:44:23 +0000] "GET /api/v1/boards/get-board HTTP/1.1" 200 465 "http://localhost:4200/boards/1/cards/3" "Mozilla/5.0 (Macintosh; Intel Mac OS X 10_13_6) AppleWebKit/537.36 (KHTML, like Gecko) Chrome/77.0.3865.120 Safari/537.36"
::1 - - [25/Oct/2019:08:44:24 +0000] "GET /api/v1/boards/get-board HTTP/1.1" 200 465 "http://localhost:4200/boards/1" "Mozilla/5.0 (Macintosh; Intel Mac OS X 10_13_6) AppleWebKit/537.36 (KHTML, like Gecko) Chrome/77.0.3865.120 Safari/537.36"
::1 - - [25/Oct/2019:08:44:28 +0000] "PUT /api/v1/boards/change-board-link HTTP/1.1" 200 3 "http://localhost:4200/boards/1" "Mozilla/5.0 (Macintosh; Intel Mac OS X 10_13_6) AppleWebKit/537.36 (KHTML, like Gecko) Chrome/77.0.3865.120 Safari/537.36"
::1 - - [25/Oct/2019:08:44:37 +0000] "GET /api/v1/boards/get-share-board HTTP/1.1" 401 13 "http://localhost:4200/shared/e95e77e8e142d922dc81ff532e5e7bc7" "Mozilla/5.0 (Macintosh; Intel Mac OS X 10_13_6) AppleWebKit/605.1.15 (KHTML, like Gecko) Version/13.0.1 Safari/605.1.15"
::1 - - [25/Oct/2019:08:45:27 +0000] "GET /api/v1/boards/get-share-board HTTP/1.1" 401 13 "http://localhost:4200/shared/e95e77e8e142d922dc81ff532e5e7bc7" "Mozilla/5.0 (Macintosh; Intel Mac OS X 10_13_6) AppleWebKit/605.1.15 (KHTML, like Gecko) Version/13.0.1 Safari/605.1.15"
::1 - - [25/Oct/2019:08:45:29 +0000] "GET /api/v1/boards/get-board HTTP/1.1" 200 495 "http://localhost:4200/boards/1" "Mozilla/5.0 (Macintosh; Intel Mac OS X 10_13_6) AppleWebKit/537.36 (KHTML, like Gecko) Chrome/77.0.3865.120 Safari/537.36"
::1 - - [25/Oct/2019:08:47:19 +0000] "GET /api/v1/boards/get-board HTTP/1.1" 200 495 "http://localhost:4200/boards/1" "Mozilla/5.0 (Macintosh; Intel Mac OS X 10_13_6) AppleWebKit/537.36 (KHTML, like Gecko) Chrome/77.0.3865.120 Safari/537.36"
::1 - - [25/Oct/2019:08:48:16 +0000] "GET /api/v1/boards/get-board HTTP/1.1" 200 495 "http://localhost:4200/boards/1" "Mozilla/5.0 (Macintosh; Intel Mac OS X 10_13_6) AppleWebKit/537.36 (KHTML, like Gecko) Chrome/77.0.3865.120 Safari/537.36"
::1 - - [25/Oct/2019:08:48:31 +0000] "POST /api/v1/auth/sign-in HTTP/1.1" 200 194 "http://localhost:4200/login" "Mozilla/5.0 (Macintosh; Intel Mac OS X 10_13_6) AppleWebKit/605.1.15 (KHTML, like Gecko) Version/13.0.1 Safari/605.1.15"
::1 - - [25/Oct/2019:08:48:31 +0000] "GET /api/v1/boards/get-boards HTTP/1.1" 200 2 "http://localhost:4200/boards" "Mozilla/5.0 (Macintosh; Intel Mac OS X 10_13_6) AppleWebKit/605.1.15 (KHTML, like Gecko) Version/13.0.1 Safari/605.1.15"
::1 - - [25/Oct/2019:08:48:37 +0000] "GET /api/v1/boards/get-boards HTTP/1.1" 304 - "http://localhost:4200/boards" "Mozilla/5.0 (Macintosh; Intel Mac OS X 10_13_6) AppleWebKit/605.1.15 (KHTML, like Gecko) Version/13.0.1 Safari/605.1.15"
::1 - - [25/Oct/2019:08:48:43 +0000] "PUT /api/v1/boards/change-board-link HTTP/1.1" 200 3 "http://localhost:4200/boards/1" "Mozilla/5.0 (Macintosh; Intel Mac OS X 10_13_6) AppleWebKit/537.36 (KHTML, like Gecko) Chrome/77.0.3865.120 Safari/537.36"
::1 - - [25/Oct/2019:08:48:53 +0000] "GET /api/v1/boards/get-share-board HTTP/1.1" 200 495 "http://localhost:4200/shared/e95e77e8e142d922dc81ff532e5e7bc7" "Mozilla/5.0 (Macintosh; Intel Mac OS X 10_13_6) AppleWebKit/605.1.15 (KHTML, like Gecko) Version/13.0.1 Safari/605.1.15"
::1 - - [25/Oct/2019:08:48:55 +0000] "GET /api/v1/boards/get-share-board HTTP/1.1" 304 - "http://localhost:4200/shared/e95e77e8e142d922dc81ff532e5e7bc7/cards/3" "Mozilla/5.0 (Macintosh; Intel Mac OS X 10_13_6) AppleWebKit/605.1.15 (KHTML, like Gecko) Version/13.0.1 Safari/605.1.15"
::1 - - [25/Oct/2019:08:49:16 +0000] "PUT /api/v1/cards/update HTTP/1.1" 200 3 "http://localhost:4200/shared/e95e77e8e142d922dc81ff532e5e7bc7/cards/3" "Mozilla/5.0 (Macintosh; Intel Mac OS X 10_13_6) AppleWebKit/605.1.15 (KHTML, like Gecko) Version/13.0.1 Safari/605.1.15"
::1 - - [25/Oct/2019:08:49:23 +0000] "GET /api/v1/boards/get-share-board HTTP/1.1" 200 515 "http://localhost:4200/shared/e95e77e8e142d922dc81ff532e5e7bc7" "Mozilla/5.0 (Macintosh; Intel Mac OS X 10_13_6) AppleWebKit/605.1.15 (KHTML, like Gecko) Version/13.0.1 Safari/605.1.15"
::1 - - [25/Oct/2019:08:49:30 +0000] "POST /api/v1/cards/create HTTP/1.1" 200 94 "http://localhost:4200/shared/e95e77e8e142d922dc81ff532e5e7bc7" "Mozilla/5.0 (Macintosh; Intel Mac OS X 10_13_6) AppleWebKit/605.1.15 (KHTML, like Gecko) Version/13.0.1 Safari/605.1.15"
::1 - - [25/Oct/2019:08:49:35 +0000] "PUT /api/v1/cards/update HTTP/1.1" 200 3 "http://localhost:4200/shared/e95e77e8e142d922dc81ff532e5e7bc7" "Mozilla/5.0 (Macintosh; Intel Mac OS X 10_13_6) AppleWebKit/605.1.15 (KHTML, like Gecko) Version/13.0.1 Safari/605.1.15"
::1 - - [25/Oct/2019:08:49:41 +0000] "PUT /api/v1/cards/update HTTP/1.1" 200 3 "http://localhost:4200/shared/e95e77e8e142d922dc81ff532e5e7bc7" "Mozilla/5.0 (Macintosh; Intel Mac OS X 10_13_6) AppleWebKit/605.1.15 (KHTML, like Gecko) Version/13.0.1 Safari/605.1.15"
::1 - - [25/Oct/2019:08:49:51 +0000] "GET /api/v1/boards/get-share-board HTTP/1.1" 200 606 "http://localhost:4200/shared/e95e77e8e142d922dc81ff532e5e7bc7/cards/4" "Mozilla/5.0 (Macintosh; Intel Mac OS X 10_13_6) AppleWebKit/605.1.15 (KHTML, like Gecko) Version/13.0.1 Safari/605.1.15"
::1 - - [25/Oct/2019:08:49:52 +0000] "GET /api/v1/boards/get-share-board HTTP/1.1" 304 - "http://localhost:4200/shared/e95e77e8e142d922dc81ff532e5e7bc7" "Mozilla/5.0 (Macintosh; Intel Mac OS X 10_13_6) AppleWebKit/605.1.15 (KHTML, like Gecko) Version/13.0.1 Safari/605.1.15"
::1 - - [25/Oct/2019:08:54:18 +0000] "GET /api/v1/boards/get-board HTTP/1.1" 200 606 "http://localhost:4200/boards/1" "Mozilla/5.0 (Macintosh; Intel Mac OS X 10_13_6) AppleWebKit/537.36 (KHTML, like Gecko) Chrome/77.0.3865.120 Safari/537.36"
::1 - - [25/Oct/2019:08:54:20 +0000] "GET /api/v1/boards/get-share-board HTTP/1.1" 304 - "http://localhost:4200/shared/e95e77e8e142d922dc81ff532e5e7bc7" "Mozilla/5.0 (Macintosh; Intel Mac OS X 10_13_6) AppleWebKit/605.1.15 (KHTML, like Gecko) Version/13.0.1 Safari/605.1.15"
::1 - - [25/Oct/2019:08:55:40 +0000] "GET /api/v1/boards/get-share-board HTTP/1.1" 304 - "http://localhost:4200/shared/e95e77e8e142d922dc81ff532e5e7bc7/cards/3" "Mozilla/5.0 (Macintosh; Intel Mac OS X 10_13_6) AppleWebKit/605.1.15 (KHTML, like Gecko) Version/13.0.1 Safari/605.1.15"
::1 - - [25/Oct/2019:08:55:41 +0000] "GET /api/v1/boards/get-share-board HTTP/1.1" 304 - "http://localhost:4200/shared/e95e77e8e142d922dc81ff532e5e7bc7" "Mozilla/5.0 (Macintosh; Intel Mac OS X 10_13_6) AppleWebKit/605.1.15 (KHTML, like Gecko) Version/13.0.1 Safari/605.1.15"
::1 - - [25/Oct/2019:08:55:42 +0000] "GET /api/v1/boards/get-share-board HTTP/1.1" 304 - "http://localhost:4200/shared/e95e77e8e142d922dc81ff532e5e7bc7/cards/3" "Mozilla/5.0 (Macintosh; Intel Mac OS X 10_13_6) AppleWebKit/605.1.15 (KHTML, like Gecko) Version/13.0.1 Safari/605.1.15"
::1 - - [25/Oct/2019:08:55:44 +0000] "GET /api/v1/boards/get-share-board HTTP/1.1" 304 - "http://localhost:4200/shared/e95e77e8e142d922dc81ff532e5e7bc7" "Mozilla/5.0 (Macintosh; Intel Mac OS X 10_13_6) AppleWebKit/605.1.15 (KHTML, like Gecko) Version/13.0.1 Safari/605.1.15"
::1 - - [25/Oct/2019:08:59:10 +0000] "GET /api/v1/boards/get-board HTTP/1.1" 200 606 "http://localhost:4200/boards/1" "Mozilla/5.0 (Macintosh; Intel Mac OS X 10_13_6) AppleWebKit/537.36 (KHTML, like Gecko) Chrome/77.0.3865.120 Safari/537.36"
::1 - - [25/Oct/2019:08:59:12 +0000] "GET /api/v1/boards/get-share-board HTTP/1.1" 304 - "http://localhost:4200/shared/e95e77e8e142d922dc81ff532e5e7bc7" "Mozilla/5.0 (Macintosh; Intel Mac OS X 10_13_6) AppleWebKit/605.1.15 (KHTML, like Gecko) Version/13.0.1 Safari/605.1.15"
::1 - - [25/Oct/2019:09:00:11 +0000] "GET /api/v1/boards/get-share-board HTTP/1.1" 304 - "http://localhost:4200/shared/e95e77e8e142d922dc81ff532e5e7bc7" "Mozilla/5.0 (Macintosh; Intel Mac OS X 10_13_6) AppleWebKit/605.1.15 (KHTML, like Gecko) Version/13.0.1 Safari/605.1.15"
::1 - - [25/Oct/2019:09:00:11 +0000] "GET /api/v1/boards/get-board HTTP/1.1" 200 606 "http://localhost:4200/boards/1" "Mozilla/5.0 (Macintosh; Intel Mac OS X 10_13_6) AppleWebKit/537.36 (KHTML, like Gecko) Chrome/77.0.3865.120 Safari/537.36"
::1 - - [25/Oct/2019:09:00:54 +0000] "GET /api/v1/boards/get-share-board HTTP/1.1" 304 - "http://localhost:4200/shared/e95e77e8e142d922dc81ff532e5e7bc7" "Mozilla/5.0 (Macintosh; Intel Mac OS X 10_13_6) AppleWebKit/605.1.15 (KHTML, like Gecko) Version/13.0.1 Safari/605.1.15"
::1 - - [25/Oct/2019:09:00:55 +0000] "GET /api/v1/boards/get-board HTTP/1.1" 200 606 "http://localhost:4200/boards/1" "Mozilla/5.0 (Macintosh; Intel Mac OS X 10_13_6) AppleWebKit/537.36 (KHTML, like Gecko) Chrome/77.0.3865.120 Safari/537.36"
::1 - - [25/Oct/2019:09:01:09 +0000] "GET /api/v1/boards/get-share-board HTTP/1.1" 304 - "http://localhost:4200/shared/e95e77e8e142d922dc81ff532e5e7bc7" "Mozilla/5.0 (Macintosh; Intel Mac OS X 10_13_6) AppleWebKit/605.1.15 (KHTML, like Gecko) Version/13.0.1 Safari/605.1.15"
::1 - - [25/Oct/2019:09:01:10 +0000] "GET /api/v1/boards/get-board HTTP/1.1" 200 606 "http://localhost:4200/boards/1" "Mozilla/5.0 (Macintosh; Intel Mac OS X 10_13_6) AppleWebKit/537.36 (KHTML, like Gecko) Chrome/77.0.3865.120 Safari/537.36"
::1 - - [25/Oct/2019:09:05:57 +0000] "GET /api/v1/boards/get-share-board HTTP/1.1" 304 - "http://localhost:4200/shared/e95e77e8e142d922dc81ff532e5e7bc7" "Mozilla/5.0 (Macintosh; Intel Mac OS X 10_13_6) AppleWebKit/605.1.15 (KHTML, like Gecko) Version/13.0.1 Safari/605.1.15"
::1 - - [25/Oct/2019:09:05:58 +0000] "GET /api/v1/boards/get-board HTTP/1.1" 200 606 "http://localhost:4200/boards/1" "Mozilla/5.0 (Macintosh; Intel Mac OS X 10_13_6) AppleWebKit/537.36 (KHTML, like Gecko) Chrome/77.0.3865.120 Safari/537.36"
::1 - - [25/Oct/2019:09:06:07 +0000] "GET /api/v1/boards/get-share-board HTTP/1.1" 304 - "http://localhost:4200/shared/e95e77e8e142d922dc81ff532e5e7bc7" "Mozilla/5.0 (Macintosh; Intel Mac OS X 10_13_6) AppleWebKit/605.1.15 (KHTML, like Gecko) Version/13.0.1 Safari/605.1.15"
::1 - - [25/Oct/2019:09:06:25 +0000] "GET /api/v1/boards/get-share-board HTTP/1.1" 304 - "http://localhost:4200/shared/e95e77e8e142d922dc81ff532e5e7bc7" "Mozilla/5.0 (Macintosh; Intel Mac OS X 10_13_6) AppleWebKit/605.1.15 (KHTML, like Gecko) Version/13.0.1 Safari/605.1.15"
::1 - - [25/Oct/2019:09:06:28 +0000] "GET /api/v1/boards/get-board HTTP/1.1" 200 606 "http://localhost:4200/boards/1" "Mozilla/5.0 (Macintosh; Intel Mac OS X 10_13_6) AppleWebKit/537.36 (KHTML, like Gecko) Chrome/77.0.3865.120 Safari/537.36"
::1 - - [25/Oct/2019:09:06:32 +0000] "GET /api/v1/boards/get-share-board HTTP/1.1" 304 - "http://localhost:4200/shared/e95e77e8e142d922dc81ff532e5e7bc7" "Mozilla/5.0 (Macintosh; Intel Mac OS X 10_13_6) AppleWebKit/605.1.15 (KHTML, like Gecko) Version/13.0.1 Safari/605.1.15"
::1 - - [25/Oct/2019:09:07:46 +0000] "GET /api/v1/boards/get-share-board HTTP/1.1" 304 - "http://localhost:4200/shared/e95e77e8e142d922dc81ff532e5e7bc7" "Mozilla/5.0 (Macintosh; Intel Mac OS X 10_13_6) AppleWebKit/605.1.15 (KHTML, like Gecko) Version/13.0.1 Safari/605.1.15"
::1 - - [25/Oct/2019:09:07:48 +0000] "GET /api/v1/boards/get-board HTTP/1.1" 200 606 "http://localhost:4200/boards/1" "Mozilla/5.0 (Macintosh; Intel Mac OS X 10_13_6) AppleWebKit/537.36 (KHTML, like Gecko) Chrome/77.0.3865.120 Safari/537.36"
::1 - - [25/Oct/2019:09:08:36 +0000] "GET /api/v1/boards/get-share-board HTTP/1.1" 304 - "http://localhost:4200/shared/e95e77e8e142d922dc81ff532e5e7bc7" "Mozilla/5.0 (Macintosh; Intel Mac OS X 10_13_6) AppleWebKit/605.1.15 (KHTML, like Gecko) Version/13.0.1 Safari/605.1.15"
::1 - - [25/Oct/2019:09:08:39 +0000] "GET /api/v1/boards/get-board HTTP/1.1" 200 606 "http://localhost:4200/boards/1" "Mozilla/5.0 (Macintosh; Intel Mac OS X 10_13_6) AppleWebKit/537.36 (KHTML, like Gecko) Chrome/77.0.3865.120 Safari/537.36"
::1 - - [25/Oct/2019:09:08:44 +0000] "PUT /api/v1/boards/change-board-title HTTP/1.1" 200 3 "http://localhost:4200/shared/e95e77e8e142d922dc81ff532e5e7bc7" "Mozilla/5.0 (Macintosh; Intel Mac OS X 10_13_6) AppleWebKit/605.1.15 (KHTML, like Gecko) Version/13.0.1 Safari/605.1.15"
::1 - - [25/Oct/2019:09:08:51 +0000] "GET /api/v1/boards/get-share-board HTTP/1.1" 200 609 "http://localhost:4200/shared/e95e77e8e142d922dc81ff532e5e7bc7" "Mozilla/5.0 (Macintosh; Intel Mac OS X 10_13_6) AppleWebKit/605.1.15 (KHTML, like Gecko) Version/13.0.1 Safari/605.1.15"
::1 - - [25/Oct/2019:09:08:59 +0000] "GET /api/v1/boards/get-board HTTP/1.1" 200 609 "http://localhost:4200/boards/1" "Mozilla/5.0 (Macintosh; Intel Mac OS X 10_13_6) AppleWebKit/537.36 (KHTML, like Gecko) Chrome/77.0.3865.120 Safari/537.36"
::1 - - [25/Oct/2019:09:09:02 +0000] "GET /api/v1/boards/get-board HTTP/1.1" 200 609 "http://localhost:4200/boards/1/cards/3" "Mozilla/5.0 (Macintosh; Intel Mac OS X 10_13_6) AppleWebKit/537.36 (KHTML, like Gecko) Chrome/77.0.3865.120 Safari/537.36"
::1 - - [25/Oct/2019:09:09:04 +0000] "GET /api/v1/boards/get-board HTTP/1.1" 200 609 "http://localhost:4200/boards/1" "Mozilla/5.0 (Macintosh; Intel Mac OS X 10_13_6) AppleWebKit/537.36 (KHTML, like Gecko) Chrome/77.0.3865.120 Safari/537.36"
::1 - - [25/Oct/2019:09:09:06 +0000] "GET /api/v1/boards/get-share-board HTTP/1.1" 304 - "http://localhost:4200/shared/e95e77e8e142d922dc81ff532e5e7bc7/cards/3" "Mozilla/5.0 (Macintosh; Intel Mac OS X 10_13_6) AppleWebKit/605.1.15 (KHTML, like Gecko) Version/13.0.1 Safari/605.1.15"
::1 - - [25/Oct/2019:09:09:07 +0000] "GET /api/v1/boards/get-share-board HTTP/1.1" 304 - "http://localhost:4200/shared/e95e77e8e142d922dc81ff532e5e7bc7" "Mozilla/5.0 (Macintosh; Intel Mac OS X 10_13_6) AppleWebKit/605.1.15 (KHTML, like Gecko) Version/13.0.1 Safari/605.1.15"
::1 - - [25/Oct/2019:09:09:09 +0000] "GET /api/v1/boards/get-share-board HTTP/1.1" 304 - "http://localhost:4200/shared/e95e77e8e142d922dc81ff532e5e7bc7/cards/2" "Mozilla/5.0 (Macintosh; Intel Mac OS X 10_13_6) AppleWebKit/605.1.15 (KHTML, like Gecko) Version/13.0.1 Safari/605.1.15"
::1 - - [25/Oct/2019:09:09:14 +0000] "GET /api/v1/boards/get-share-board HTTP/1.1" 304 - "http://localhost:4200/shared/e95e77e8e142d922dc81ff532e5e7bc7" "Mozilla/5.0 (Macintosh; Intel Mac OS X 10_13_6) AppleWebKit/605.1.15 (KHTML, like Gecko) Version/13.0.1 Safari/605.1.15"
::1 - - [25/Oct/2019:09:14:03 +0000] "GET /api/v1/boards/get-boards HTTP/1.1" 304 - "http://localhost:4200/boards" "Mozilla/5.0 (Macintosh; Intel Mac OS X 10_13_6) AppleWebKit/605.1.15 (KHTML, like Gecko) Version/13.0.1 Safari/605.1.15"
::1 - - [25/Oct/2019:09:14:04 +0000] "GET /api/v1/boards/get-boards HTTP/1.1" 200 104 "http://localhost:4200/boards" "Mozilla/5.0 (Macintosh; Intel Mac OS X 10_13_6) AppleWebKit/537.36 (KHTML, like Gecko) Chrome/77.0.3865.120 Safari/537.36"
::1 - - [25/Oct/2019:09:15:07 +0000] "GET /api/v1/boards/get-boards HTTP/1.1" 304 - "http://localhost:4200/boards" "Mozilla/5.0 (Macintosh; Intel Mac OS X 10_13_6) AppleWebKit/605.1.15 (KHTML, like Gecko) Version/13.0.1 Safari/605.1.15"
::1 - - [25/Oct/2019:09:15:08 +0000] "GET /api/v1/boards/get-boards HTTP/1.1" 200 104 "http://localhost:4200/boards" "Mozilla/5.0 (Macintosh; Intel Mac OS X 10_13_6) AppleWebKit/537.36 (KHTML, like Gecko) Chrome/77.0.3865.120 Safari/537.36"
::1 - - [25/Oct/2019:09:15:13 +0000] "GET /api/v1/boards/get-boards HTTP/1.1" 304 - "http://localhost:4200/boards" "Mozilla/5.0 (Macintosh; Intel Mac OS X 10_13_6) AppleWebKit/605.1.15 (KHTML, like Gecko) Version/13.0.1 Safari/605.1.15"
::1 - - [25/Oct/2019:09:15:15 +0000] "GET /api/v1/boards/get-boards HTTP/1.1" 200 104 "http://localhost:4200/boards" "Mozilla/5.0 (Macintosh; Intel Mac OS X 10_13_6) AppleWebKit/537.36 (KHTML, like Gecko) Chrome/77.0.3865.120 Safari/537.36"
::1 - - [25/Oct/2019:09:15:24 +0000] "GET /api/v1/boards/get-boards HTTP/1.1" 304 - "http://localhost:4200/boards" "Mozilla/5.0 (Macintosh; Intel Mac OS X 10_13_6) AppleWebKit/605.1.15 (KHTML, like Gecko) Version/13.0.1 Safari/605.1.15"
::1 - - [25/Oct/2019:09:15:28 +0000] "GET /api/v1/boards/get-boards HTTP/1.1" 200 104 "http://localhost:4200/boards" "Mozilla/5.0 (Macintosh; Intel Mac OS X 10_13_6) AppleWebKit/537.36 (KHTML, like Gecko) Chrome/77.0.3865.120 Safari/537.36"
::1 - - [25/Oct/2019:09:15:31 +0000] "GET /api/v1/boards/get-boards HTTP/1.1" 304 - "http://localhost:4200/boards" "Mozilla/5.0 (Macintosh; Intel Mac OS X 10_13_6) AppleWebKit/605.1.15 (KHTML, like Gecko) Version/13.0.1 Safari/605.1.15"
::1 - - [25/Oct/2019:09:15:33 +0000] "GET /api/v1/boards/get-boards HTTP/1.1" 200 104 "http://localhost:4200/boards" "Mozilla/5.0 (Macintosh; Intel Mac OS X 10_13_6) AppleWebKit/537.36 (KHTML, like Gecko) Chrome/77.0.3865.120 Safari/537.36"
::1 - - [25/Oct/2019:09:16:07 +0000] "GET /api/v1/boards/get-boards HTTP/1.1" 304 - "http://localhost:4200/boards" "Mozilla/5.0 (Macintosh; Intel Mac OS X 10_13_6) AppleWebKit/605.1.15 (KHTML, like Gecko) Version/13.0.1 Safari/605.1.15"
::1 - - [25/Oct/2019:09:16:08 +0000] "GET /api/v1/boards/get-boards HTTP/1.1" 200 104 "http://localhost:4200/boards" "Mozilla/5.0 (Macintosh; Intel Mac OS X 10_13_6) AppleWebKit/537.36 (KHTML, like Gecko) Chrome/77.0.3865.120 Safari/537.36"
::1 - - [25/Oct/2019:09:16:29 +0000] "GET /api/v1/boards/get-boards HTTP/1.1" 304 - "http://localhost:4200/boards" "Mozilla/5.0 (Macintosh; Intel Mac OS X 10_13_6) AppleWebKit/605.1.15 (KHTML, like Gecko) Version/13.0.1 Safari/605.1.15"
::1 - - [25/Oct/2019:09:16:30 +0000] "GET /api/v1/boards/get-boards HTTP/1.1" 200 104 "http://localhost:4200/boards" "Mozilla/5.0 (Macintosh; Intel Mac OS X 10_13_6) AppleWebKit/537.36 (KHTML, like Gecko) Chrome/77.0.3865.120 Safari/537.36"
::1 - - [25/Oct/2019:09:16:51 +0000] "GET /api/v1/boards/get-boards HTTP/1.1" 304 - "http://localhost:4200/boards" "Mozilla/5.0 (Macintosh; Intel Mac OS X 10_13_6) AppleWebKit/605.1.15 (KHTML, like Gecko) Version/13.0.1 Safari/605.1.15"
::1 - - [25/Oct/2019:09:16:51 +0000] "GET /api/v1/boards/get-boards HTTP/1.1" 200 104 "http://localhost:4200/boards" "Mozilla/5.0 (Macintosh; Intel Mac OS X 10_13_6) AppleWebKit/537.36 (KHTML, like Gecko) Chrome/77.0.3865.120 Safari/537.36"
::1 - - [25/Oct/2019:09:17:14 +0000] "GET /api/v1/boards/get-boards HTTP/1.1" 304 - "http://localhost:4200/boards" "Mozilla/5.0 (Macintosh; Intel Mac OS X 10_13_6) AppleWebKit/605.1.15 (KHTML, like Gecko) Version/13.0.1 Safari/605.1.15"
::1 - - [25/Oct/2019:09:17:15 +0000] "GET /api/v1/boards/get-boards HTTP/1.1" 200 104 "http://localhost:4200/boards" "Mozilla/5.0 (Macintosh; Intel Mac OS X 10_13_6) AppleWebKit/537.36 (KHTML, like Gecko) Chrome/77.0.3865.120 Safari/537.36"
::1 - - [25/Oct/2019:09:17:31 +0000] "GET /api/v1/boards/get-boards HTTP/1.1" 304 - "http://localhost:4200/boards" "Mozilla/5.0 (Macintosh; Intel Mac OS X 10_13_6) AppleWebKit/605.1.15 (KHTML, like Gecko) Version/13.0.1 Safari/605.1.15"
::1 - - [25/Oct/2019:09:17:33 +0000] "GET /api/v1/boards/get-boards HTTP/1.1" 200 104 "http://localhost:4200/boards" "Mozilla/5.0 (Macintosh; Intel Mac OS X 10_13_6) AppleWebKit/537.36 (KHTML, like Gecko) Chrome/77.0.3865.120 Safari/537.36"
::1 - - [25/Oct/2019:09:17:50 +0000] "GET /api/v1/boards/get-boards HTTP/1.1" 304 - "http://localhost:4200/boards" "Mozilla/5.0 (Macintosh; Intel Mac OS X 10_13_6) AppleWebKit/605.1.15 (KHTML, like Gecko) Version/13.0.1 Safari/605.1.15"
::1 - - [25/Oct/2019:09:17:51 +0000] "GET /api/v1/boards/get-boards HTTP/1.1" 200 104 "http://localhost:4200/boards" "Mozilla/5.0 (Macintosh; Intel Mac OS X 10_13_6) AppleWebKit/537.36 (KHTML, like Gecko) Chrome/77.0.3865.120 Safari/537.36"
::1 - - [25/Oct/2019:09:18:17 +0000] "GET /api/v1/boards/get-board HTTP/1.1" 200 609 "http://localhost:4200/boards/1" "Mozilla/5.0 (Macintosh; Intel Mac OS X 10_13_6) AppleWebKit/537.36 (KHTML, like Gecko) Chrome/77.0.3865.120 Safari/537.36"
::1 - - [25/Oct/2019:09:20:04 +0000] "GET /api/v1/boards/get-boards HTTP/1.1" 304 - "http://localhost:4200/boards" "Mozilla/5.0 (Macintosh; Intel Mac OS X 10_13_6) AppleWebKit/605.1.15 (KHTML, like Gecko) Version/13.0.1 Safari/605.1.15"
::1 - - [25/Oct/2019:09:20:05 +0000] "GET /api/v1/boards/get-board HTTP/1.1" 200 609 "http://localhost:4200/boards/1" "Mozilla/5.0 (Macintosh; Intel Mac OS X 10_13_6) AppleWebKit/537.36 (KHTML, like Gecko) Chrome/77.0.3865.120 Safari/537.36"
::1 - - [25/Oct/2019:09:20:36 +0000] "GET /api/v1/boards/get-boards HTTP/1.1" 304 - "http://localhost:4200/boards" "Mozilla/5.0 (Macintosh; Intel Mac OS X 10_13_6) AppleWebKit/605.1.15 (KHTML, like Gecko) Version/13.0.1 Safari/605.1.15"
::1 - - [25/Oct/2019:09:20:38 +0000] "GET /api/v1/boards/get-board HTTP/1.1" 200 609 "http://localhost:4200/boards/1" "Mozilla/5.0 (Macintosh; Intel Mac OS X 10_13_6) AppleWebKit/537.36 (KHTML, like Gecko) Chrome/77.0.3865.120 Safari/537.36"
::1 - - [25/Oct/2019:09:22:02 +0000] "GET /api/v1/boards/get-boards HTTP/1.1" 304 - "http://localhost:4200/boards" "Mozilla/5.0 (Macintosh; Intel Mac OS X 10_13_6) AppleWebKit/605.1.15 (KHTML, like Gecko) Version/13.0.1 Safari/605.1.15"
::1 - - [25/Oct/2019:09:22:04 +0000] "GET /api/v1/boards/get-board HTTP/1.1" 200 609 "http://localhost:4200/boards/1" "Mozilla/5.0 (Macintosh; Intel Mac OS X 10_13_6) AppleWebKit/537.36 (KHTML, like Gecko) Chrome/77.0.3865.120 Safari/537.36"
::1 - - [25/Oct/2019:09:22:52 +0000] "GET /api/v1/boards/get-boards HTTP/1.1" 304 - "http://localhost:4200/boards" "Mozilla/5.0 (Macintosh; Intel Mac OS X 10_13_6) AppleWebKit/605.1.15 (KHTML, like Gecko) Version/13.0.1 Safari/605.1.15"
::1 - - [25/Oct/2019:09:22:52 +0000] "GET /api/v1/boards/get-board HTTP/1.1" 200 609 "http://localhost:4200/boards/1" "Mozilla/5.0 (Macintosh; Intel Mac OS X 10_13_6) AppleWebKit/537.36 (KHTML, like Gecko) Chrome/77.0.3865.120 Safari/537.36"
::1 - - [25/Oct/2019:09:23:07 +0000] "GET /api/v1/boards/get-boards HTTP/1.1" 304 - "http://localhost:4200/boards" "Mozilla/5.0 (Macintosh; Intel Mac OS X 10_13_6) AppleWebKit/605.1.15 (KHTML, like Gecko) Version/13.0.1 Safari/605.1.15"
::1 - - [25/Oct/2019:09:23:08 +0000] "GET /api/v1/boards/get-board HTTP/1.1" 200 609 "http://localhost:4200/boards/1" "Mozilla/5.0 (Macintosh; Intel Mac OS X 10_13_6) AppleWebKit/537.36 (KHTML, like Gecko) Chrome/77.0.3865.120 Safari/537.36"
::1 - - [25/Oct/2019:09:24:18 +0000] "GET /api/v1/boards/get-boards HTTP/1.1" 304 - "http://localhost:4200/boards" "Mozilla/5.0 (Macintosh; Intel Mac OS X 10_13_6) AppleWebKit/605.1.15 (KHTML, like Gecko) Version/13.0.1 Safari/605.1.15"
::1 - - [25/Oct/2019:09:24:19 +0000] "GET /api/v1/boards/get-board HTTP/1.1" 200 609 "http://localhost:4200/boards/1" "Mozilla/5.0 (Macintosh; Intel Mac OS X 10_13_6) AppleWebKit/537.36 (KHTML, like Gecko) Chrome/77.0.3865.120 Safari/537.36"
::1 - - [25/Oct/2019:09:24:32 +0000] "GET /api/v1/boards/get-boards HTTP/1.1" 304 - "http://localhost:4200/boards" "Mozilla/5.0 (Macintosh; Intel Mac OS X 10_13_6) AppleWebKit/605.1.15 (KHTML, like Gecko) Version/13.0.1 Safari/605.1.15"
::1 - - [25/Oct/2019:09:24:33 +0000] "GET /api/v1/boards/get-board HTTP/1.1" 200 609 "http://localhost:4200/boards/1" "Mozilla/5.0 (Macintosh; Intel Mac OS X 10_13_6) AppleWebKit/537.36 (KHTML, like Gecko) Chrome/77.0.3865.120 Safari/537.36"
::1 - - [25/Oct/2019:09:24:48 +0000] "GET /api/v1/boards/get-boards HTTP/1.1" 304 - "http://localhost:4200/boards" "Mozilla/5.0 (Macintosh; Intel Mac OS X 10_13_6) AppleWebKit/605.1.15 (KHTML, like Gecko) Version/13.0.1 Safari/605.1.15"
::1 - - [25/Oct/2019:09:24:49 +0000] "GET /api/v1/boards/get-board HTTP/1.1" 200 609 "http://localhost:4200/boards/1" "Mozilla/5.0 (Macintosh; Intel Mac OS X 10_13_6) AppleWebKit/537.36 (KHTML, like Gecko) Chrome/77.0.3865.120 Safari/537.36"
::1 - - [25/Oct/2019:09:25:25 +0000] "GET /api/v1/boards/get-boards HTTP/1.1" 304 - "http://localhost:4200/boards" "Mozilla/5.0 (Macintosh; Intel Mac OS X 10_13_6) AppleWebKit/605.1.15 (KHTML, like Gecko) Version/13.0.1 Safari/605.1.15"
::1 - - [25/Oct/2019:09:25:26 +0000] "GET /api/v1/boards/get-board HTTP/1.1" 200 609 "http://localhost:4200/boards/1" "Mozilla/5.0 (Macintosh; Intel Mac OS X 10_13_6) AppleWebKit/537.36 (KHTML, like Gecko) Chrome/77.0.3865.120 Safari/537.36"
::1 - - [25/Oct/2019:09:26:02 +0000] "GET /api/v1/boards/get-boards HTTP/1.1" 304 - "http://localhost:4200/boards" "Mozilla/5.0 (Macintosh; Intel Mac OS X 10_13_6) AppleWebKit/605.1.15 (KHTML, like Gecko) Version/13.0.1 Safari/605.1.15"
::1 - - [25/Oct/2019:09:26:03 +0000] "GET /api/v1/boards/get-board HTTP/1.1" 200 609 "http://localhost:4200/boards/1" "Mozilla/5.0 (Macintosh; Intel Mac OS X 10_13_6) AppleWebKit/537.36 (KHTML, like Gecko) Chrome/77.0.3865.120 Safari/537.36"
::1 - - [25/Oct/2019:09:26:59 +0000] "GET /api/v1/boards/get-boards HTTP/1.1" 304 - "http://localhost:4200/boards" "Mozilla/5.0 (Macintosh; Intel Mac OS X 10_13_6) AppleWebKit/605.1.15 (KHTML, like Gecko) Version/13.0.1 Safari/605.1.15"
::1 - - [25/Oct/2019:09:26:59 +0000] "GET /api/v1/boards/get-board HTTP/1.1" 200 609 "http://localhost:4200/boards/1" "Mozilla/5.0 (Macintosh; Intel Mac OS X 10_13_6) AppleWebKit/537.36 (KHTML, like Gecko) Chrome/77.0.3865.120 Safari/537.36"
::1 - - [25/Oct/2019:09:29:06 +0000] "GET /api/v1/boards/get-boards HTTP/1.1" 304 - "http://localhost:4200/boards" "Mozilla/5.0 (Macintosh; Intel Mac OS X 10_13_6) AppleWebKit/605.1.15 (KHTML, like Gecko) Version/13.0.1 Safari/605.1.15"
::1 - - [25/Oct/2019:09:29:06 +0000] "GET /api/v1/boards/get-board HTTP/1.1" 200 609 "http://localhost:4200/boards/1" "Mozilla/5.0 (Macintosh; Intel Mac OS X 10_13_6) AppleWebKit/537.36 (KHTML, like Gecko) Chrome/77.0.3865.120 Safari/537.36"
::1 - - [25/Oct/2019:09:29:20 +0000] "GET /api/v1/boards/get-board HTTP/1.1" 200 609 "http://localhost:4200/boards/1" "Mozilla/5.0 (Macintosh; Intel Mac OS X 10_13_6) AppleWebKit/537.36 (KHTML, like Gecko) Chrome/77.0.3865.120 Safari/537.36"
::1 - - [25/Oct/2019:09:29:21 +0000] "GET /api/v1/boards/get-boards HTTP/1.1" 304 - "http://localhost:4200/boards" "Mozilla/5.0 (Macintosh; Intel Mac OS X 10_13_6) AppleWebKit/605.1.15 (KHTML, like Gecko) Version/13.0.1 Safari/605.1.15"
::1 - - [25/Oct/2019:09:29:37 +0000] "GET /api/v1/boards/get-boards HTTP/1.1" 304 - "http://localhost:4200/boards" "Mozilla/5.0 (Macintosh; Intel Mac OS X 10_13_6) AppleWebKit/605.1.15 (KHTML, like Gecko) Version/13.0.1 Safari/605.1.15"
::1 - - [25/Oct/2019:09:29:37 +0000] "GET /api/v1/boards/get-board HTTP/1.1" 200 609 "http://localhost:4200/boards/1" "Mozilla/5.0 (Macintosh; Intel Mac OS X 10_13_6) AppleWebKit/537.36 (KHTML, like Gecko) Chrome/77.0.3865.120 Safari/537.36"
::1 - - [25/Oct/2019:09:31:01 +0000] "GET /api/v1/boards/get-board HTTP/1.1" 200 609 "http://localhost:4200/boards/1" "Mozilla/5.0 (Macintosh; Intel Mac OS X 10_13_6) AppleWebKit/537.36 (KHTML, like Gecko) Chrome/77.0.3865.120 Safari/537.36"
::1 - - [25/Oct/2019:09:31:01 +0000] "GET /api/v1/boards/get-boards HTTP/1.1" 304 - "http://localhost:4200/boards" "Mozilla/5.0 (Macintosh; Intel Mac OS X 10_13_6) AppleWebKit/605.1.15 (KHTML, like Gecko) Version/13.0.1 Safari/605.1.15"
::1 - - [25/Oct/2019:09:31:49 +0000] "GET /api/v1/boards/get-boards HTTP/1.1" 304 - "http://localhost:4200/boards" "Mozilla/5.0 (Macintosh; Intel Mac OS X 10_13_6) AppleWebKit/605.1.15 (KHTML, like Gecko) Version/13.0.1 Safari/605.1.15"
::1 - - [25/Oct/2019:09:31:50 +0000] "GET /api/v1/boards/get-board HTTP/1.1" 200 609 "http://localhost:4200/boards/1" "Mozilla/5.0 (Macintosh; Intel Mac OS X 10_13_6) AppleWebKit/537.36 (KHTML, like Gecko) Chrome/77.0.3865.120 Safari/537.36"
::1 - - [25/Oct/2019:09:32:13 +0000] "GET /api/v1/boards/get-boards HTTP/1.1" 304 - "http://localhost:4200/boards" "Mozilla/5.0 (Macintosh; Intel Mac OS X 10_13_6) AppleWebKit/605.1.15 (KHTML, like Gecko) Version/13.0.1 Safari/605.1.15"
::1 - - [25/Oct/2019:09:32:14 +0000] "GET /api/v1/boards/get-board HTTP/1.1" 200 609 "http://localhost:4200/boards/1" "Mozilla/5.0 (Macintosh; Intel Mac OS X 10_13_6) AppleWebKit/537.36 (KHTML, like Gecko) Chrome/77.0.3865.120 Safari/537.36"
::1 - - [25/Oct/2019:09:32:26 +0000] "GET /api/v1/boards/get-boards HTTP/1.1" 304 - "http://localhost:4200/boards" "Mozilla/5.0 (Macintosh; Intel Mac OS X 10_13_6) AppleWebKit/605.1.15 (KHTML, like Gecko) Version/13.0.1 Safari/605.1.15"
::1 - - [25/Oct/2019:09:32:27 +0000] "GET /api/v1/boards/get-board HTTP/1.1" 200 609 "http://localhost:4200/boards/1" "Mozilla/5.0 (Macintosh; Intel Mac OS X 10_13_6) AppleWebKit/537.36 (KHTML, like Gecko) Chrome/77.0.3865.120 Safari/537.36"
::1 - - [25/Oct/2019:09:32:58 +0000] "GET /api/v1/boards/get-boards HTTP/1.1" 304 - "http://localhost:4200/boards" "Mozilla/5.0 (Macintosh; Intel Mac OS X 10_13_6) AppleWebKit/605.1.15 (KHTML, like Gecko) Version/13.0.1 Safari/605.1.15"
::1 - - [25/Oct/2019:09:32:58 +0000] "GET /api/v1/boards/get-board HTTP/1.1" 200 609 "http://localhost:4200/boards/1" "Mozilla/5.0 (Macintosh; Intel Mac OS X 10_13_6) AppleWebKit/537.36 (KHTML, like Gecko) Chrome/77.0.3865.120 Safari/537.36"
::1 - - [25/Oct/2019:09:33:51 +0000] "GET /api/v1/boards/get-boards HTTP/1.1" 304 - "http://localhost:4200/boards" "Mozilla/5.0 (Macintosh; Intel Mac OS X 10_13_6) AppleWebKit/605.1.15 (KHTML, like Gecko) Version/13.0.1 Safari/605.1.15"
::1 - - [25/Oct/2019:09:33:52 +0000] "GET /api/v1/boards/get-board HTTP/1.1" 200 609 "http://localhost:4200/boards/1" "Mozilla/5.0 (Macintosh; Intel Mac OS X 10_13_6) AppleWebKit/537.36 (KHTML, like Gecko) Chrome/77.0.3865.120 Safari/537.36"
::1 - - [25/Oct/2019:09:33:55 +0000] "GET /api/v1/boards/get-boards HTTP/1.1" 304 - "http://localhost:4200/boards" "Mozilla/5.0 (Macintosh; Intel Mac OS X 10_13_6) AppleWebKit/605.1.15 (KHTML, like Gecko) Version/13.0.1 Safari/605.1.15"
::1 - - [25/Oct/2019:09:34:05 +0000] "GET /api/v1/boards/get-board HTTP/1.1" 200 609 "http://localhost:4200/boards/1" "Mozilla/5.0 (Macintosh; Intel Mac OS X 10_13_6) AppleWebKit/537.36 (KHTML, like Gecko) Chrome/77.0.3865.120 Safari/537.36"
::1 - - [25/Oct/2019:09:34:06 +0000] "GET /api/v1/boards/get-boards HTTP/1.1" 304 - "http://localhost:4200/boards" "Mozilla/5.0 (Macintosh; Intel Mac OS X 10_13_6) AppleWebKit/605.1.15 (KHTML, like Gecko) Version/13.0.1 Safari/605.1.15"
::1 - - [25/Oct/2019:09:34:33 +0000] "GET /api/v1/boards/get-boards HTTP/1.1" 304 - "http://localhost:4200/boards" "Mozilla/5.0 (Macintosh; Intel Mac OS X 10_13_6) AppleWebKit/605.1.15 (KHTML, like Gecko) Version/13.0.1 Safari/605.1.15"
::1 - - [25/Oct/2019:09:34:33 +0000] "GET /api/v1/boards/get-board HTTP/1.1" 200 609 "http://localhost:4200/boards/1" "Mozilla/5.0 (Macintosh; Intel Mac OS X 10_13_6) AppleWebKit/537.36 (KHTML, like Gecko) Chrome/77.0.3865.120 Safari/537.36"
::1 - - [25/Oct/2019:09:35:05 +0000] "GET /api/v1/boards/get-boards HTTP/1.1" 304 - "http://localhost:4200/boards" "Mozilla/5.0 (Macintosh; Intel Mac OS X 10_13_6) AppleWebKit/605.1.15 (KHTML, like Gecko) Version/13.0.1 Safari/605.1.15"
::1 - - [25/Oct/2019:09:35:06 +0000] "GET /api/v1/boards/get-board HTTP/1.1" 200 609 "http://localhost:4200/boards/1" "Mozilla/5.0 (Macintosh; Intel Mac OS X 10_13_6) AppleWebKit/537.36 (KHTML, like Gecko) Chrome/77.0.3865.120 Safari/537.36"
::1 - - [25/Oct/2019:09:35:31 +0000] "GET /api/v1/boards/get-boards HTTP/1.1" 304 - "http://localhost:4200/boards" "Mozilla/5.0 (Macintosh; Intel Mac OS X 10_13_6) AppleWebKit/605.1.15 (KHTML, like Gecko) Version/13.0.1 Safari/605.1.15"
::1 - - [25/Oct/2019:09:35:31 +0000] "GET /api/v1/boards/get-board HTTP/1.1" 200 609 "http://localhost:4200/boards/1" "Mozilla/5.0 (Macintosh; Intel Mac OS X 10_13_6) AppleWebKit/537.36 (KHTML, like Gecko) Chrome/77.0.3865.120 Safari/537.36"
::1 - - [25/Oct/2019:09:35:50 +0000] "GET /api/v1/boards/get-board HTTP/1.1" 200 609 "http://localhost:4200/boards/1" "Mozilla/5.0 (Macintosh; Intel Mac OS X 10_13_6) AppleWebKit/537.36 (KHTML, like Gecko) Chrome/77.0.3865.120 Safari/537.36"
::1 - - [25/Oct/2019:09:35:50 +0000] "GET /api/v1/boards/get-boards HTTP/1.1" 304 - "http://localhost:4200/boards" "Mozilla/5.0 (Macintosh; Intel Mac OS X 10_13_6) AppleWebKit/605.1.15 (KHTML, like Gecko) Version/13.0.1 Safari/605.1.15"
::1 - - [25/Oct/2019:09:36:08 +0000] "GET /api/v1/boards/get-boards HTTP/1.1" 304 - "http://localhost:4200/boards" "Mozilla/5.0 (Macintosh; Intel Mac OS X 10_13_6) AppleWebKit/605.1.15 (KHTML, like Gecko) Version/13.0.1 Safari/605.1.15"
::1 - - [25/Oct/2019:09:36:09 +0000] "GET /api/v1/boards/get-board HTTP/1.1" 200 609 "http://localhost:4200/boards/1" "Mozilla/5.0 (Macintosh; Intel Mac OS X 10_13_6) AppleWebKit/537.36 (KHTML, like Gecko) Chrome/77.0.3865.120 Safari/537.36"
::1 - - [25/Oct/2019:09:38:55 +0000] "GET /api/v1/boards/get-boards HTTP/1.1" 304 - "http://localhost:4200/boards" "Mozilla/5.0 (Macintosh; Intel Mac OS X 10_13_6) AppleWebKit/605.1.15 (KHTML, like Gecko) Version/13.0.1 Safari/605.1.15"
::1 - - [25/Oct/2019:09:39:00 +0000] "GET /api/v1/boards/get-board HTTP/1.1" 200 609 "http://localhost:4200/boards/1" "Mozilla/5.0 (Macintosh; Intel Mac OS X 10_13_6) AppleWebKit/537.36 (KHTML, like Gecko) Chrome/77.0.3865.120 Safari/537.36"
::1 - - [25/Oct/2019:09:40:36 +0000] "GET /api/v1/boards/get-boards HTTP/1.1" 304 - "http://localhost:4200/boards" "Mozilla/5.0 (Macintosh; Intel Mac OS X 10_13_6) AppleWebKit/605.1.15 (KHTML, like Gecko) Version/13.0.1 Safari/605.1.15"
::1 - - [25/Oct/2019:09:40:37 +0000] "GET /api/v1/boards/get-board HTTP/1.1" 200 609 "http://localhost:4200/boards/1" "Mozilla/5.0 (Macintosh; Intel Mac OS X 10_13_6) AppleWebKit/537.36 (KHTML, like Gecko) Chrome/77.0.3865.120 Safari/537.36"
::1 - - [25/Oct/2019:09:40:58 +0000] "GET /api/v1/boards/get-boards HTTP/1.1" 304 - "http://localhost:4200/boards" "Mozilla/5.0 (Macintosh; Intel Mac OS X 10_13_6) AppleWebKit/605.1.15 (KHTML, like Gecko) Version/13.0.1 Safari/605.1.15"
::1 - - [25/Oct/2019:09:40:58 +0000] "GET /api/v1/boards/get-board HTTP/1.1" 200 609 "http://localhost:4200/boards/1" "Mozilla/5.0 (Macintosh; Intel Mac OS X 10_13_6) AppleWebKit/537.36 (KHTML, like Gecko) Chrome/77.0.3865.120 Safari/537.36"
::1 - - [25/Oct/2019:09:41:16 +0000] "GET /api/v1/boards/get-board HTTP/1.1" 200 609 "http://localhost:4200/boards/1" "Mozilla/5.0 (Macintosh; Intel Mac OS X 10_13_6) AppleWebKit/537.36 (KHTML, like Gecko) Chrome/77.0.3865.120 Safari/537.36"
::1 - - [25/Oct/2019:09:41:16 +0000] "GET /api/v1/boards/get-boards HTTP/1.1" 304 - "http://localhost:4200/boards" "Mozilla/5.0 (Macintosh; Intel Mac OS X 10_13_6) AppleWebKit/605.1.15 (KHTML, like Gecko) Version/13.0.1 Safari/605.1.15"
::1 - - [25/Oct/2019:09:41:41 +0000] "GET /api/v1/boards/get-boards HTTP/1.1" 304 - "http://localhost:4200/boards" "Mozilla/5.0 (Macintosh; Intel Mac OS X 10_13_6) AppleWebKit/605.1.15 (KHTML, like Gecko) Version/13.0.1 Safari/605.1.15"
::1 - - [25/Oct/2019:09:41:42 +0000] "GET /api/v1/boards/get-board HTTP/1.1" 200 609 "http://localhost:4200/boards/1" "Mozilla/5.0 (Macintosh; Intel Mac OS X 10_13_6) AppleWebKit/537.36 (KHTML, like Gecko) Chrome/77.0.3865.120 Safari/537.36"
::1 - - [25/Oct/2019:09:42:03 +0000] "POST /api/v1/auth/sign-in HTTP/1.1" 200 191 "http://localhost:4200/login" "Mozilla/5.0 (Macintosh; Intel Mac OS X 10_13_6) AppleWebKit/537.36 (KHTML, like Gecko) Chrome/77.0.3865.120 Safari/537.36"
::1 - - [25/Oct/2019:09:42:03 +0000] "GET /api/v1/boards/get-boards HTTP/1.1" 200 104 "http://localhost:4200/boards" "Mozilla/5.0 (Macintosh; Intel Mac OS X 10_13_6) AppleWebKit/537.36 (KHTML, like Gecko) Chrome/77.0.3865.120 Safari/537.36"
::1 - - [25/Oct/2019:09:48:33 +0000] "POST /api/v1/auth/google-auth HTTP/1.1" 200 257 "http://localhost:4200/login" "Mozilla/5.0 (Macintosh; Intel Mac OS X 10_13_6) AppleWebKit/537.36 (KHTML, like Gecko) Chrome/77.0.3865.120 Safari/537.36"
::1 - - [25/Oct/2019:09:48:33 +0000] "GET /api/v1/boards/get-boards HTTP/1.1" 200 2 "http://localhost:4200/boards" "Mozilla/5.0 (Macintosh; Intel Mac OS X 10_13_6) AppleWebKit/537.36 (KHTML, like Gecko) Chrome/77.0.3865.120 Safari/537.36"
::1 - - [25/Oct/2019:09:48:41 +0000] "POST /api/v1/boards/create HTTP/1.1" 200 68 "http://localhost:4200/boards" "Mozilla/5.0 (Macintosh; Intel Mac OS X 10_13_6) AppleWebKit/537.36 (KHTML, like Gecko) Chrome/77.0.3865.120 Safari/537.36"
::1 - - [25/Oct/2019:09:48:41 +0000] "GET /api/v1/boards/get-board HTTP/1.1" 200 79 "http://localhost:4200/boards/2" "Mozilla/5.0 (Macintosh; Intel Mac OS X 10_13_6) AppleWebKit/537.36 (KHTML, like Gecko) Chrome/77.0.3865.120 Safari/537.36"
::1 - - [25/Oct/2019:09:48:46 +0000] "POST /api/v1/cards/create HTTP/1.1" 200 89 "http://localhost:4200/boards/2" "Mozilla/5.0 (Macintosh; Intel Mac OS X 10_13_6) AppleWebKit/537.36 (KHTML, like Gecko) Chrome/77.0.3865.120 Safari/537.36"
::1 - - [25/Oct/2019:09:48:50 +0000] "POST /api/v1/cards/create HTTP/1.1" 200 90 "http://localhost:4200/boards/2" "Mozilla/5.0 (Macintosh; Intel Mac OS X 10_13_6) AppleWebKit/537.36 (KHTML, like Gecko) Chrome/77.0.3865.120 Safari/537.36"
::1 - - [25/Oct/2019:09:48:55 +0000] "POST /api/v1/cards/create HTTP/1.1" 200 90 "http://localhost:4200/boards/2" "Mozilla/5.0 (Macintosh; Intel Mac OS X 10_13_6) AppleWebKit/537.36 (KHTML, like Gecko) Chrome/77.0.3865.120 Safari/537.36"
::1 - - [25/Oct/2019:09:49:00 +0000] "GET /api/v1/boards/get-board HTTP/1.1" 200 356 "http://localhost:4200/boards/2" "Mozilla/5.0 (Macintosh; Intel Mac OS X 10_13_6) AppleWebKit/537.36 (KHTML, like Gecko) Chrome/77.0.3865.120 Safari/537.36"
::1 - - [25/Oct/2019:09:49:03 +0000] "PUT /api/v1/boards/change-board-link HTTP/1.1" 200 3 "http://localhost:4200/boards/2" "Mozilla/5.0 (Macintosh; Intel Mac OS X 10_13_6) AppleWebKit/537.36 (KHTML, like Gecko) Chrome/77.0.3865.120 Safari/537.36"
::1 - - [25/Oct/2019:09:49:14 +0000] "GET /api/v1/boards/get-share-board HTTP/1.1" 200 386 "http://localhost:4200/shared/db2ea015704e0409e2fcd5aee284f035" "Mozilla/5.0 (Macintosh; Intel Mac OS X 10_13_6) AppleWebKit/605.1.15 (KHTML, like Gecko) Version/13.0.1 Safari/605.1.15"
::1 - - [25/Oct/2019:09:52:36 +0000] "GET /api/v1/boards/get-board HTTP/1.1" 200 386 "http://localhost:4200/boards/2" "Mozilla/5.0 (Macintosh; Intel Mac OS X 10_13_6) AppleWebKit/537.36 (KHTML, like Gecko) Chrome/77.0.3865.120 Safari/537.36"
::1 - - [25/Oct/2019:09:52:36 +0000] "GET /api/v1/boards/get-share-board HTTP/1.1" 304 - "http://localhost:4200/shared/db2ea015704e0409e2fcd5aee284f035" "Mozilla/5.0 (Macintosh; Intel Mac OS X 10_13_6) AppleWebKit/605.1.15 (KHTML, like Gecko) Version/13.0.1 Safari/605.1.15"
::1 - - [25/Oct/2019:09:53:26 +0000] "GET /api/v1/boards/get-share-board HTTP/1.1" 304 - "http://localhost:4200/shared/db2ea015704e0409e2fcd5aee284f035" "Mozilla/5.0 (Macintosh; Intel Mac OS X 10_13_6) AppleWebKit/605.1.15 (KHTML, like Gecko) Version/13.0.1 Safari/605.1.15"
::1 - - [25/Oct/2019:09:53:27 +0000] "GET /api/v1/boards/get-board HTTP/1.1" 200 386 "http://localhost:4200/boards/2" "Mozilla/5.0 (Macintosh; Intel Mac OS X 10_13_6) AppleWebKit/537.36 (KHTML, like Gecko) Chrome/77.0.3865.120 Safari/537.36"
::1 - - [25/Oct/2019:09:53:35 +0000] "GET /api/v1/boards/get-share-board HTTP/1.1" 304 - "http://localhost:4200/shared/db2ea015704e0409e2fcd5aee284f035" "Mozilla/5.0 (Macintosh; Intel Mac OS X 10_13_6) AppleWebKit/605.1.15 (KHTML, like Gecko) Version/13.0.1 Safari/605.1.15"
::1 - - [25/Oct/2019:09:53:37 +0000] "GET /api/v1/boards/get-board HTTP/1.1" 200 386 "http://localhost:4200/boards/2" "Mozilla/5.0 (Macintosh; Intel Mac OS X 10_13_6) AppleWebKit/537.36 (KHTML, like Gecko) Chrome/77.0.3865.120 Safari/537.36"
::1 - - [25/Oct/2019:09:54:10 +0000] "GET /api/v1/boards/get-share-board HTTP/1.1" 304 - "http://localhost:4200/shared/db2ea015704e0409e2fcd5aee284f035" "Mozilla/5.0 (Macintosh; Intel Mac OS X 10_13_6) AppleWebKit/605.1.15 (KHTML, like Gecko) Version/13.0.1 Safari/605.1.15"
::1 - - [25/Oct/2019:09:54:11 +0000] "GET /api/v1/boards/get-board HTTP/1.1" 200 386 "http://localhost:4200/boards/2" "Mozilla/5.0 (Macintosh; Intel Mac OS X 10_13_6) AppleWebKit/537.36 (KHTML, like Gecko) Chrome/77.0.3865.120 Safari/537.36"
::1 - - [25/Oct/2019:09:59:41 +0000] "GET /api/v1/boards/get-share-board HTTP/1.1" 304 - "http://localhost:4200/shared/db2ea015704e0409e2fcd5aee284f035" "Mozilla/5.0 (Macintosh; Intel Mac OS X 10_13_6) AppleWebKit/605.1.15 (KHTML, like Gecko) Version/13.0.1 Safari/605.1.15"
::1 - - [25/Oct/2019:09:59:41 +0000] "GET /api/v1/boards/get-board HTTP/1.1" 200 386 "http://localhost:4200/boards/2" "Mozilla/5.0 (Macintosh; Intel Mac OS X 10_13_6) AppleWebKit/537.36 (KHTML, like Gecko) Chrome/77.0.3865.120 Safari/537.36"
::1 - - [25/Oct/2019:10:00:30 +0000] "GET /api/v1/boards/get-share-board HTTP/1.1" 304 - "http://localhost:4200/shared/db2ea015704e0409e2fcd5aee284f035" "Mozilla/5.0 (Macintosh; Intel Mac OS X 10_13_6) AppleWebKit/605.1.15 (KHTML, like Gecko) Version/13.0.1 Safari/605.1.15"
::1 - - [25/Oct/2019:10:00:32 +0000] "GET /api/v1/boards/get-board HTTP/1.1" 200 386 "http://localhost:4200/boards/2" "Mozilla/5.0 (Macintosh; Intel Mac OS X 10_13_6) AppleWebKit/537.36 (KHTML, like Gecko) Chrome/77.0.3865.120 Safari/537.36"
::1 - - [25/Oct/2019:10:00:38 +0000] "GET /api/v1/boards/get-share-board HTTP/1.1" 304 - "http://localhost:4200/shared/db2ea015704e0409e2fcd5aee284f035" "Mozilla/5.0 (Macintosh; Intel Mac OS X 10_13_6) AppleWebKit/605.1.15 (KHTML, like Gecko) Version/13.0.1 Safari/605.1.15"
::1 - - [25/Oct/2019:10:00:39 +0000] "GET /api/v1/boards/get-board HTTP/1.1" 200 386 "http://localhost:4200/boards/2" "Mozilla/5.0 (Macintosh; Intel Mac OS X 10_13_6) AppleWebKit/537.36 (KHTML, like Gecko) Chrome/77.0.3865.120 Safari/537.36"
::1 - - [25/Oct/2019:10:01:06 +0000] "GET /api/v1/boards/get-board HTTP/1.1" 200 386 "http://localhost:4200/boards/2" "Mozilla/5.0 (Macintosh; Intel Mac OS X 10_13_6) AppleWebKit/537.36 (KHTML, like Gecko) Chrome/77.0.3865.120 Safari/537.36"
::1 - - [25/Oct/2019:10:01:07 +0000] "GET /api/v1/boards/get-share-board HTTP/1.1" 304 - "http://localhost:4200/shared/db2ea015704e0409e2fcd5aee284f035" "Mozilla/5.0 (Macintosh; Intel Mac OS X 10_13_6) AppleWebKit/605.1.15 (KHTML, like Gecko) Version/13.0.1 Safari/605.1.15"
::1 - - [25/Oct/2019:10:02:08 +0000] "GET /api/v1/boards/get-share-board HTTP/1.1" 304 - "http://localhost:4200/shared/db2ea015704e0409e2fcd5aee284f035" "Mozilla/5.0 (Macintosh; Intel Mac OS X 10_13_6) AppleWebKit/605.1.15 (KHTML, like Gecko) Version/13.0.1 Safari/605.1.15"
::1 - - [25/Oct/2019:10:02:09 +0000] "GET /api/v1/boards/get-board HTTP/1.1" 200 386 "http://localhost:4200/boards/2" "Mozilla/5.0 (Macintosh; Intel Mac OS X 10_13_6) AppleWebKit/537.36 (KHTML, like Gecko) Chrome/77.0.3865.120 Safari/537.36"
